This file contains any messages produced by compilers while
running configure, to aid debugging if configure makes a mistake.

It was created by sqlite configure 3.24.0, which was
generated by GNU Autoconf 2.69.  Invocation command line was

  $ /home2/silogood/alexa/AVS/Libraries/sqlite3/configure --prefix=/home2/silogood/alexa/AVS/debug/android-29/armeabi-v7a/install --with-sysroot=/home1/silogood/Android/ndk/ndk-bundle/android-ndk-r22/toolchains/llvm/prebuilt/linux-x86_64/sysroot --host=arm-linux-androideabi --build=x86_64-linux-gnu --disable-static

## --------- ##
## Platform. ##
## --------- ##

hostname = Mars
uname -m = x86_64
uname -r = 5.11.0-37-generic
uname -s = Linux
uname -v = #41~20.04.2-Ubuntu SMP Fri Sep 24 09:06:38 UTC 2021

/usr/bin/uname -p = x86_64
/bin/uname -X     = unknown

/bin/arch              = x86_64
/usr/bin/arch -k       = unknown
/usr/convex/getsysinfo = unknown
/usr/bin/hostinfo      = unknown
/bin/machine           = unknown
/usr/bin/oslevel       = unknown
/bin/universe          = unknown

PATH: /home1/silogood/Android/ndk/ndk-bundle/android-ndk-r22/toolchains/llvm/prebuilt/linux-x86_64/bin
PATH: /home1/silogood/bin
PATH: /home1/silogood/.local/bin
PATH: /usr/local/sbin
PATH: /usr/local/bin
PATH: /usr/sbin
PATH: /usr/bin
PATH: /sbin
PATH: /bin
PATH: /usr/games
PATH: /usr/local/games
PATH: /snap/bin
PATH: /home1/silogood/bin


## ----------- ##
## Core tests. ##
## ----------- ##

configure:2336: checking for a BSD-compatible install
configure:2404: result: /usr/bin/install -c
configure:2415: checking whether build environment is sane
configure:2470: result: yes
configure:2527: checking for arm-linux-androideabi-strip
configure:2554: result: /home1/silogood/Android/ndk/ndk-bundle/android-ndk-r22/toolchains/llvm/prebuilt/linux-x86_64/bin/arm-linux-androideabi-strip
configure:2619: checking for a thread-safe mkdir -p
configure:2658: result: /usr/bin/mkdir -p
configure:2665: checking for gawk
configure:2681: found /usr/bin/gawk
configure:2692: result: gawk
configure:2703: checking whether make sets $(MAKE)
configure:2725: result: yes
configure:2754: checking whether make supports nested variables
configure:2771: result: yes
configure:2910: checking for style of include used by make
configure:2938: result: GNU
configure:2969: checking for arm-linux-androideabi-gcc
configure:2996: result: /home1/silogood/Android/ndk/ndk-bundle/android-ndk-r22/toolchains/llvm/prebuilt/linux-x86_64/bin/armv7a-linux-androideabi29-clang
configure:3265: checking for C compiler version
configure:3274: /home1/silogood/Android/ndk/ndk-bundle/android-ndk-r22/toolchains/llvm/prebuilt/linux-x86_64/bin/armv7a-linux-androideabi29-clang --version >&5
Android (6875598, based on r399163b) clang version 11.0.5 (https://android.googlesource.com/toolchain/llvm-project 87f1315dfbea7c137aa2e6d362dbb457e388158d)
Target: armv7a-unknown-linux-android29
Thread model: posix
InstalledDir: /home1/silogood/Android/ndk/ndk-bundle/android-ndk-r22/toolchains/llvm/prebuilt/linux-x86_64/bin
configure:3285: $? = 0
configure:3274: /home1/silogood/Android/ndk/ndk-bundle/android-ndk-r22/toolchains/llvm/prebuilt/linux-x86_64/bin/armv7a-linux-androideabi29-clang -v >&5
Android (6875598, based on r399163b) clang version 11.0.5 (https://android.googlesource.com/toolchain/llvm-project 87f1315dfbea7c137aa2e6d362dbb457e388158d)
Target: armv7a-unknown-linux-android29
Thread model: posix
InstalledDir: /home1/silogood/Android/ndk/ndk-bundle/android-ndk-r22/toolchains/llvm/prebuilt/linux-x86_64/bin
Found candidate GCC installation: /home1/silogood/Android/ndk/ndk-bundle/android-ndk-r22/toolchains/llvm/prebuilt/linux-x86_64/bin/../lib/gcc/arm-linux-androideabi/4.9.x
Selected GCC installation: /home1/silogood/Android/ndk/ndk-bundle/android-ndk-r22/toolchains/llvm/prebuilt/linux-x86_64/bin/../lib/gcc/arm-linux-androideabi/4.9.x
Candidate multilib: thumb;@mthumb
Candidate multilib: armv7-a;@march=armv7-a
Candidate multilib: armv7-a/thumb;@march=armv7-a@mthumb
Candidate multilib: .;
... rest of stderr output deleted ...
configure:3285: $? = 0
configure:3274: /home1/silogood/Android/ndk/ndk-bundle/android-ndk-r22/toolchains/llvm/prebuilt/linux-x86_64/bin/armv7a-linux-androideabi29-clang -V >&5
clang: error: argument to '-V' is missing (expected 1 value)
clang: error: no input files
configure:3285: $? = 1
configure:3274: /home1/silogood/Android/ndk/ndk-bundle/android-ndk-r22/toolchains/llvm/prebuilt/linux-x86_64/bin/armv7a-linux-androideabi29-clang -qversion >&5
clang: error: unknown argument '-qversion'; did you mean '--version'?
clang: error: no input files
configure:3285: $? = 1
configure:3305: checking whether the C compiler works
configure:3327: /home1/silogood/Android/ndk/ndk-bundle/android-ndk-r22/toolchains/llvm/prebuilt/linux-x86_64/bin/armv7a-linux-androideabi29-clang    conftest.c  >&5
configure:3331: $? = 0
configure:3379: result: yes
configure:3382: checking for C compiler default output file name
configure:3384: result: a.out
configure:3390: checking for suffix of executables
configure:3397: /home1/silogood/Android/ndk/ndk-bundle/android-ndk-r22/toolchains/llvm/prebuilt/linux-x86_64/bin/armv7a-linux-androideabi29-clang -o conftest    conftest.c  >&5
configure:3401: $? = 0
configure:3423: result: 
configure:3445: checking whether we are cross compiling
configure:3483: result: yes
configure:3488: checking for suffix of object files
configure:3510: /home1/silogood/Android/ndk/ndk-bundle/android-ndk-r22/toolchains/llvm/prebuilt/linux-x86_64/bin/armv7a-linux-androideabi29-clang -c   conftest.c >&5
configure:3514: $? = 0
configure:3535: result: o
configure:3539: checking whether we are using the GNU C compiler
configure:3558: /home1/silogood/Android/ndk/ndk-bundle/android-ndk-r22/toolchains/llvm/prebuilt/linux-x86_64/bin/armv7a-linux-androideabi29-clang -c   conftest.c >&5
configure:3558: $? = 0
configure:3567: result: yes
configure:3576: checking whether /home1/silogood/Android/ndk/ndk-bundle/android-ndk-r22/toolchains/llvm/prebuilt/linux-x86_64/bin/armv7a-linux-androideabi29-clang accepts -g
configure:3596: /home1/silogood/Android/ndk/ndk-bundle/android-ndk-r22/toolchains/llvm/prebuilt/linux-x86_64/bin/armv7a-linux-androideabi29-clang -c -g  conftest.c >&5
configure:3596: $? = 0
configure:3637: result: yes
configure:3654: checking for /home1/silogood/Android/ndk/ndk-bundle/android-ndk-r22/toolchains/llvm/prebuilt/linux-x86_64/bin/armv7a-linux-androideabi29-clang option to accept ISO C89
configure:3717: /home1/silogood/Android/ndk/ndk-bundle/android-ndk-r22/toolchains/llvm/prebuilt/linux-x86_64/bin/armv7a-linux-androideabi29-clang  -c -g -O2  conftest.c >&5
configure:3717: $? = 0
configure:3730: result: none needed
configure:3755: checking whether /home1/silogood/Android/ndk/ndk-bundle/android-ndk-r22/toolchains/llvm/prebuilt/linux-x86_64/bin/armv7a-linux-androideabi29-clang understands -c and -o together
configure:3777: /home1/silogood/Android/ndk/ndk-bundle/android-ndk-r22/toolchains/llvm/prebuilt/linux-x86_64/bin/armv7a-linux-androideabi29-clang -c conftest.c -o conftest2.o
configure:3780: $? = 0
configure:3777: /home1/silogood/Android/ndk/ndk-bundle/android-ndk-r22/toolchains/llvm/prebuilt/linux-x86_64/bin/armv7a-linux-androideabi29-clang -c conftest.c -o conftest2.o
configure:3780: $? = 0
configure:3792: result: yes
configure:3811: checking dependency style of /home1/silogood/Android/ndk/ndk-bundle/android-ndk-r22/toolchains/llvm/prebuilt/linux-x86_64/bin/armv7a-linux-androideabi29-clang
configure:3922: result: gcc3
configure:3945: checking for special C compiler options needed for large files
configure:3990: result: no
configure:3996: checking for _FILE_OFFSET_BITS value needed for large files
configure:4021: /home1/silogood/Android/ndk/ndk-bundle/android-ndk-r22/toolchains/llvm/prebuilt/linux-x86_64/bin/armv7a-linux-androideabi29-clang -c -g -O2  conftest.c >&5
conftest.c:17:23: warning: overflow in expression; result is 2147483647 with type 'long' [-Winteger-overflow]
  int off_t_is_large[(LARGE_OFF_T % 2147483629 == 721
                      ^
conftest.c:16:40: note: expanded from macro 'LARGE_OFF_T'
#define LARGE_OFF_T (((off_t) 1 << 62) - 1 + ((off_t) 1 << 62))
                                       ^
conftest.c:17:22: error: 'off_t_is_large' declared as an array with a negative size
  int off_t_is_large[(LARGE_OFF_T % 2147483629 == 721
                     ^~~~~~~~~~~~~~~~~~~~~~~~~~~~~~~~
1 warning and 1 error generated.
configure:4021: $? = 1
configure: failed program was:
| /* confdefs.h */
| #define PACKAGE_NAME "sqlite"
| #define PACKAGE_TARNAME "sqlite"
| #define PACKAGE_VERSION "3.24.0"
| #define PACKAGE_STRING "sqlite 3.24.0"
| #define PACKAGE_BUGREPORT "http://www.sqlite.org"
| #define PACKAGE_URL ""
| #define PACKAGE "sqlite"
| #define VERSION "3.24.0"
| /* end confdefs.h.  */
| #include <sys/types.h>
|  /* Check that off_t can represent 2**63 - 1 correctly.
|     We can't simply define LARGE_OFF_T to be 9223372036854775807,
|     since some C++ compilers masquerading as C compilers
|     incorrectly reject 9223372036854775807.  */
| #define LARGE_OFF_T (((off_t) 1 << 62) - 1 + ((off_t) 1 << 62))
|   int off_t_is_large[(LARGE_OFF_T % 2147483629 == 721
| 		       && LARGE_OFF_T % 2147483647 == 1)
| 		      ? 1 : -1];
| int
| main ()
| {
| 
|   ;
|   return 0;
| }
configure:4045: /home1/silogood/Android/ndk/ndk-bundle/android-ndk-r22/toolchains/llvm/prebuilt/linux-x86_64/bin/armv7a-linux-androideabi29-clang -c -g -O2  conftest.c >&5
configure:4045: $? = 0
configure:4053: result: 64
configure:4148: checking for arm-linux-androideabi-gcc
configure:4175: result: /home1/silogood/Android/ndk/ndk-bundle/android-ndk-r22/toolchains/llvm/prebuilt/linux-x86_64/bin/armv7a-linux-androideabi29-clang
configure:4444: checking for C compiler version
configure:4453: /home1/silogood/Android/ndk/ndk-bundle/android-ndk-r22/toolchains/llvm/prebuilt/linux-x86_64/bin/armv7a-linux-androideabi29-clang --version >&5
Android (6875598, based on r399163b) clang version 11.0.5 (https://android.googlesource.com/toolchain/llvm-project 87f1315dfbea7c137aa2e6d362dbb457e388158d)
Target: armv7a-unknown-linux-android29
Thread model: posix
InstalledDir: /home1/silogood/Android/ndk/ndk-bundle/android-ndk-r22/toolchains/llvm/prebuilt/linux-x86_64/bin
configure:4464: $? = 0
configure:4453: /home1/silogood/Android/ndk/ndk-bundle/android-ndk-r22/toolchains/llvm/prebuilt/linux-x86_64/bin/armv7a-linux-androideabi29-clang -v >&5
Android (6875598, based on r399163b) clang version 11.0.5 (https://android.googlesource.com/toolchain/llvm-project 87f1315dfbea7c137aa2e6d362dbb457e388158d)
Target: armv7a-unknown-linux-android29
Thread model: posix
InstalledDir: /home1/silogood/Android/ndk/ndk-bundle/android-ndk-r22/toolchains/llvm/prebuilt/linux-x86_64/bin
Found candidate GCC installation: /home1/silogood/Android/ndk/ndk-bundle/android-ndk-r22/toolchains/llvm/prebuilt/linux-x86_64/bin/../lib/gcc/arm-linux-androideabi/4.9.x
Selected GCC installation: /home1/silogood/Android/ndk/ndk-bundle/android-ndk-r22/toolchains/llvm/prebuilt/linux-x86_64/bin/../lib/gcc/arm-linux-androideabi/4.9.x
Candidate multilib: thumb;@mthumb
Candidate multilib: armv7-a;@march=armv7-a
Candidate multilib: armv7-a/thumb;@march=armv7-a@mthumb
Candidate multilib: .;
... rest of stderr output deleted ...
configure:4464: $? = 0
configure:4453: /home1/silogood/Android/ndk/ndk-bundle/android-ndk-r22/toolchains/llvm/prebuilt/linux-x86_64/bin/armv7a-linux-androideabi29-clang -V >&5
clang: error: argument to '-V' is missing (expected 1 value)
clang: error: no input files
configure:4464: $? = 1
configure:4453: /home1/silogood/Android/ndk/ndk-bundle/android-ndk-r22/toolchains/llvm/prebuilt/linux-x86_64/bin/armv7a-linux-androideabi29-clang -qversion >&5
clang: error: unknown argument '-qversion'; did you mean '--version'?
clang: error: no input files
configure:4464: $? = 1
configure:4468: checking whether we are using the GNU C compiler
configure:4496: result: yes
configure:4505: checking whether /home1/silogood/Android/ndk/ndk-bundle/android-ndk-r22/toolchains/llvm/prebuilt/linux-x86_64/bin/armv7a-linux-androideabi29-clang accepts -g
configure:4566: result: yes
configure:4583: checking for /home1/silogood/Android/ndk/ndk-bundle/android-ndk-r22/toolchains/llvm/prebuilt/linux-x86_64/bin/armv7a-linux-androideabi29-clang option to accept ISO C89
configure:4659: result: none needed
configure:4684: checking whether /home1/silogood/Android/ndk/ndk-bundle/android-ndk-r22/toolchains/llvm/prebuilt/linux-x86_64/bin/armv7a-linux-androideabi29-clang understands -c and -o together
configure:4721: result: yes
configure:4740: checking dependency style of /home1/silogood/Android/ndk/ndk-bundle/android-ndk-r22/toolchains/llvm/prebuilt/linux-x86_64/bin/armv7a-linux-androideabi29-clang
configure:4851: result: gcc3
configure:4895: checking build system type
configure:4909: result: x86_64-pc-linux-gnu
configure:4929: checking host system type
configure:4942: result: arm-unknown-linux-androideabi
configure:4983: checking how to print strings
configure:5010: result: printf
configure:5031: checking for a sed that does not truncate output
configure:5095: result: /usr/bin/sed
configure:5113: checking for grep that handles long lines and -e
configure:5171: result: /usr/bin/grep
configure:5176: checking for egrep
configure:5238: result: /usr/bin/grep -E
configure:5243: checking for fgrep
configure:5305: result: /usr/bin/grep -F
configure:5340: checking for ld used by /home1/silogood/Android/ndk/ndk-bundle/android-ndk-r22/toolchains/llvm/prebuilt/linux-x86_64/bin/armv7a-linux-androideabi29-clang
configure:5407: result: /home1/silogood/Android/ndk/ndk-bundle/android-ndk-r22/toolchains/llvm/prebuilt/linux-x86_64/bin/arm-linux-androideabi-ld.bfd
configure:5414: checking if the linker (/home1/silogood/Android/ndk/ndk-bundle/android-ndk-r22/toolchains/llvm/prebuilt/linux-x86_64/bin/arm-linux-androideabi-ld.bfd) is GNU ld
configure:5429: result: yes
configure:5441: checking for BSD- or MS-compatible name lister (nm)
configure:5495: result: /home1/silogood/Android/ndk/ndk-bundle/android-ndk-r22/toolchains/llvm/prebuilt/linux-x86_64/bin/arm-linux-androideabi-nm -B
configure:5625: checking the name lister (/home1/silogood/Android/ndk/ndk-bundle/android-ndk-r22/toolchains/llvm/prebuilt/linux-x86_64/bin/arm-linux-androideabi-nm -B) interface
configure:5632: /home1/silogood/Android/ndk/ndk-bundle/android-ndk-r22/toolchains/llvm/prebuilt/linux-x86_64/bin/armv7a-linux-androideabi29-clang -c -g -O2  conftest.c >&5
configure:5635: /home1/silogood/Android/ndk/ndk-bundle/android-ndk-r22/toolchains/llvm/prebuilt/linux-x86_64/bin/arm-linux-androideabi-nm -B "conftest.o"
configure:5638: output
00000000 N 
0000009d N 
000000a8 N 
000000e7 N 
000000f5 N 
00000000 B some_variable
configure:5639: result: BSD nm
configure:5642: checking whether ln -s works
configure:5646: result: yes
configure:5654: checking the maximum length of command line arguments
configure:5785: result: 1572864
configure:5833: checking how to convert x86_64-pc-linux-gnu file names to arm-unknown-linux-androideabi format
configure:5873: result: func_convert_file_noop
configure:5880: checking how to convert x86_64-pc-linux-gnu file names to toolchain format
configure:5900: result: func_convert_file_noop
configure:5907: checking for /home1/silogood/Android/ndk/ndk-bundle/android-ndk-r22/toolchains/llvm/prebuilt/linux-x86_64/bin/arm-linux-androideabi-ld.bfd option to reload object files
configure:5914: result: -r
configure:5948: checking for arm-linux-androideabi-objdump
configure:5964: found /home1/silogood/Android/ndk/ndk-bundle/android-ndk-r22/toolchains/llvm/prebuilt/linux-x86_64/bin/arm-linux-androideabi-objdump
configure:5975: result: arm-linux-androideabi-objdump
configure:6047: checking how to recognize dependent libraries
configure:6247: result: pass_all
configure:6292: checking for arm-linux-androideabi-dlltool
configure:6322: result: no
configure:6332: checking for dlltool
configure:6362: result: no
configure:6392: checking how to associate runtime and link libraries
configure:6419: result: printf %s\n
configure:6435: checking for arm-linux-androideabi-ar
configure:6462: result: /home1/silogood/Android/ndk/ndk-bundle/android-ndk-r22/toolchains/llvm/prebuilt/linux-x86_64/bin/arm-linux-androideabi-ar
configure:6543: checking for archiver @FILE support
configure:6560: /home1/silogood/Android/ndk/ndk-bundle/android-ndk-r22/toolchains/llvm/prebuilt/linux-x86_64/bin/armv7a-linux-androideabi29-clang -c -g -O2  conftest.c >&5
configure:6560: $? = 0
configure:6563: /home1/silogood/Android/ndk/ndk-bundle/android-ndk-r22/toolchains/llvm/prebuilt/linux-x86_64/bin/arm-linux-androideabi-ar cru libconftest.a @conftest.lst >&5
configure:6566: $? = 0
configure:6571: /home1/silogood/Android/ndk/ndk-bundle/android-ndk-r22/toolchains/llvm/prebuilt/linux-x86_64/bin/arm-linux-androideabi-ar cru libconftest.a @conftest.lst >&5
/home1/silogood/Android/ndk/ndk-bundle/android-ndk-r22/toolchains/llvm/prebuilt/linux-x86_64/bin/arm-linux-androideabi-ar: conftest.o: No such file or directory
configure:6574: $? = 1
configure:6573: result: @
configure:6591: checking for arm-linux-androideabi-strip
configure:6618: result: /home1/silogood/Android/ndk/ndk-bundle/android-ndk-r22/toolchains/llvm/prebuilt/linux-x86_64/bin/arm-linux-androideabi-strip
configure:6690: checking for arm-linux-androideabi-ranlib
configure:6717: result: /home1/silogood/Android/ndk/ndk-bundle/android-ndk-r22/toolchains/llvm/prebuilt/linux-x86_64/bin/arm-linux-androideabi-ranlib
configure:6859: checking command to parse /home1/silogood/Android/ndk/ndk-bundle/android-ndk-r22/toolchains/llvm/prebuilt/linux-x86_64/bin/arm-linux-androideabi-nm -B output from /home1/silogood/Android/ndk/ndk-bundle/android-ndk-r22/toolchains/llvm/prebuilt/linux-x86_64/bin/armv7a-linux-androideabi29-clang object
configure:7012: /home1/silogood/Android/ndk/ndk-bundle/android-ndk-r22/toolchains/llvm/prebuilt/linux-x86_64/bin/armv7a-linux-androideabi29-clang -c -g -O2  conftest.c >&5
configure:7015: $? = 0
configure:7019: /home1/silogood/Android/ndk/ndk-bundle/android-ndk-r22/toolchains/llvm/prebuilt/linux-x86_64/bin/arm-linux-androideabi-nm -B conftest.o \| sed -n -e 's/^.*[ ]\([ABCDGIRSTW][ABCDGIRSTW]*\)[ ][ ]*\([_A-Za-z][_A-Za-z0-9]*\)$/\1 \2 \2/p' | sed '/ __gnu_lto/d' \> conftest.nm
configure:7022: $? = 0
configure:7088: /home1/silogood/Android/ndk/ndk-bundle/android-ndk-r22/toolchains/llvm/prebuilt/linux-x86_64/bin/armv7a-linux-androideabi29-clang -o conftest -g -O2   conftest.c conftstm.o >&5
configure:7091: $? = 0
configure:7129: result: ok
configure:7176: checking for sysroot
configure:7206: result: /home1/silogood/Android/ndk/ndk-bundle/android-ndk-r22/toolchains/llvm/prebuilt/linux-x86_64/sysroot
configure:7213: checking for a working dd
configure:7251: result: /usr/bin/dd
configure:7255: checking how to truncate binary pipes
configure:7270: result: /usr/bin/dd bs=4096 count=1
configure:7559: checking for arm-linux-androideabi-mt
configure:7589: result: no
configure:7599: checking for mt
configure:7615: found /usr/bin/mt
configure:7626: result: mt
configure:7638: WARNING: using cross tools not prefixed with host triplet
configure:7649: checking if mt is a manifest tool
configure:7655: mt '-?'
configure:7663: result: no
configure:8340: checking how to run the C preprocessor
configure:8371: /home1/silogood/Android/ndk/ndk-bundle/android-ndk-r22/toolchains/llvm/prebuilt/linux-x86_64/bin/armv7a-linux-androideabi29-clang -E  conftest.c
configure:8371: $? = 0
configure:8385: /home1/silogood/Android/ndk/ndk-bundle/android-ndk-r22/toolchains/llvm/prebuilt/linux-x86_64/bin/armv7a-linux-androideabi29-clang -E  conftest.c
conftest.c:12:10: fatal error: 'ac_nonexistent.h' file not found
#include <ac_nonexistent.h>
         ^~~~~~~~~~~~~~~~~~
1 error generated.
configure:8385: $? = 1
configure: failed program was:
| /* confdefs.h */
| #define PACKAGE_NAME "sqlite"
| #define PACKAGE_TARNAME "sqlite"
| #define PACKAGE_VERSION "3.24.0"
| #define PACKAGE_STRING "sqlite 3.24.0"
| #define PACKAGE_BUGREPORT "http://www.sqlite.org"
| #define PACKAGE_URL ""
| #define PACKAGE "sqlite"
| #define VERSION "3.24.0"
| #define _FILE_OFFSET_BITS 64
| /* end confdefs.h.  */
| #include <ac_nonexistent.h>
configure:8410: result: /home1/silogood/Android/ndk/ndk-bundle/android-ndk-r22/toolchains/llvm/prebuilt/linux-x86_64/bin/armv7a-linux-androideabi29-clang -E
configure:8430: /home1/silogood/Android/ndk/ndk-bundle/android-ndk-r22/toolchains/llvm/prebuilt/linux-x86_64/bin/armv7a-linux-androideabi29-clang -E  conftest.c
configure:8430: $? = 0
configure:8444: /home1/silogood/Android/ndk/ndk-bundle/android-ndk-r22/toolchains/llvm/prebuilt/linux-x86_64/bin/armv7a-linux-androideabi29-clang -E  conftest.c
conftest.c:12:10: fatal error: 'ac_nonexistent.h' file not found
#include <ac_nonexistent.h>
         ^~~~~~~~~~~~~~~~~~
1 error generated.
configure:8444: $? = 1
configure: failed program was:
| /* confdefs.h */
| #define PACKAGE_NAME "sqlite"
| #define PACKAGE_TARNAME "sqlite"
| #define PACKAGE_VERSION "3.24.0"
| #define PACKAGE_STRING "sqlite 3.24.0"
| #define PACKAGE_BUGREPORT "http://www.sqlite.org"
| #define PACKAGE_URL ""
| #define PACKAGE "sqlite"
| #define VERSION "3.24.0"
| #define _FILE_OFFSET_BITS 64
| /* end confdefs.h.  */
| #include <ac_nonexistent.h>
configure:8473: checking for ANSI C header files
configure:8493: /home1/silogood/Android/ndk/ndk-bundle/android-ndk-r22/toolchains/llvm/prebuilt/linux-x86_64/bin/armv7a-linux-androideabi29-clang -c -g -O2  conftest.c >&5
configure:8493: $? = 0
configure:8577: result: yes
configure:8590: checking for sys/types.h
configure:8590: /home1/silogood/Android/ndk/ndk-bundle/android-ndk-r22/toolchains/llvm/prebuilt/linux-x86_64/bin/armv7a-linux-androideabi29-clang -c -g -O2  conftest.c >&5
configure:8590: $? = 0
configure:8590: result: yes
configure:8590: checking for sys/stat.h
configure:8590: /home1/silogood/Android/ndk/ndk-bundle/android-ndk-r22/toolchains/llvm/prebuilt/linux-x86_64/bin/armv7a-linux-androideabi29-clang -c -g -O2  conftest.c >&5
configure:8590: $? = 0
configure:8590: result: yes
configure:8590: checking for stdlib.h
configure:8590: /home1/silogood/Android/ndk/ndk-bundle/android-ndk-r22/toolchains/llvm/prebuilt/linux-x86_64/bin/armv7a-linux-androideabi29-clang -c -g -O2  conftest.c >&5
configure:8590: $? = 0
configure:8590: result: yes
configure:8590: checking for string.h
configure:8590: /home1/silogood/Android/ndk/ndk-bundle/android-ndk-r22/toolchains/llvm/prebuilt/linux-x86_64/bin/armv7a-linux-androideabi29-clang -c -g -O2  conftest.c >&5
configure:8590: $? = 0
configure:8590: result: yes
configure:8590: checking for memory.h
configure:8590: /home1/silogood/Android/ndk/ndk-bundle/android-ndk-r22/toolchains/llvm/prebuilt/linux-x86_64/bin/armv7a-linux-androideabi29-clang -c -g -O2  conftest.c >&5
configure:8590: $? = 0
configure:8590: result: yes
configure:8590: checking for strings.h
configure:8590: /home1/silogood/Android/ndk/ndk-bundle/android-ndk-r22/toolchains/llvm/prebuilt/linux-x86_64/bin/armv7a-linux-androideabi29-clang -c -g -O2  conftest.c >&5
configure:8590: $? = 0
configure:8590: result: yes
configure:8590: checking for inttypes.h
configure:8590: /home1/silogood/Android/ndk/ndk-bundle/android-ndk-r22/toolchains/llvm/prebuilt/linux-x86_64/bin/armv7a-linux-androideabi29-clang -c -g -O2  conftest.c >&5
configure:8590: $? = 0
configure:8590: result: yes
configure:8590: checking for stdint.h
configure:8590: /home1/silogood/Android/ndk/ndk-bundle/android-ndk-r22/toolchains/llvm/prebuilt/linux-x86_64/bin/armv7a-linux-androideabi29-clang -c -g -O2  conftest.c >&5
configure:8590: $? = 0
configure:8590: result: yes
configure:8590: checking for unistd.h
configure:8590: /home1/silogood/Android/ndk/ndk-bundle/android-ndk-r22/toolchains/llvm/prebuilt/linux-x86_64/bin/armv7a-linux-androideabi29-clang -c -g -O2  conftest.c >&5
configure:8590: $? = 0
configure:8590: result: yes
configure:8604: checking for dlfcn.h
configure:8604: /home1/silogood/Android/ndk/ndk-bundle/android-ndk-r22/toolchains/llvm/prebuilt/linux-x86_64/bin/armv7a-linux-androideabi29-clang -c -g -O2  conftest.c >&5
configure:8604: $? = 0
configure:8604: result: yes
configure:8860: checking for objdir
configure:8875: result: .libs
configure:9135: checking if /home1/silogood/Android/ndk/ndk-bundle/android-ndk-r22/toolchains/llvm/prebuilt/linux-x86_64/bin/armv7a-linux-androideabi29-clang supports -fno-rtti -fno-exceptions
configure:9153: /home1/silogood/Android/ndk/ndk-bundle/android-ndk-r22/toolchains/llvm/prebuilt/linux-x86_64/bin/armv7a-linux-androideabi29-clang -c -g -O2  -fno-rtti -fno-exceptions conftest.c >&5
configure:9157: $? = 0
configure:9170: result: yes
configure:9528: checking for /home1/silogood/Android/ndk/ndk-bundle/android-ndk-r22/toolchains/llvm/prebuilt/linux-x86_64/bin/armv7a-linux-androideabi29-clang option to produce PIC
configure:9535: result: -fPIC -DPIC
configure:9543: checking if /home1/silogood/Android/ndk/ndk-bundle/android-ndk-r22/toolchains/llvm/prebuilt/linux-x86_64/bin/armv7a-linux-androideabi29-clang PIC flag -fPIC -DPIC works
configure:9561: /home1/silogood/Android/ndk/ndk-bundle/android-ndk-r22/toolchains/llvm/prebuilt/linux-x86_64/bin/armv7a-linux-androideabi29-clang -c -g -O2  -fPIC -DPIC -DPIC conftest.c >&5
configure:9565: $? = 0
configure:9578: result: yes
configure:9607: checking if /home1/silogood/Android/ndk/ndk-bundle/android-ndk-r22/toolchains/llvm/prebuilt/linux-x86_64/bin/armv7a-linux-androideabi29-clang static flag -static works
configure:9635: result: yes
configure:9650: checking if /home1/silogood/Android/ndk/ndk-bundle/android-ndk-r22/toolchains/llvm/prebuilt/linux-x86_64/bin/armv7a-linux-androideabi29-clang supports -c -o file.o
configure:9671: /home1/silogood/Android/ndk/ndk-bundle/android-ndk-r22/toolchains/llvm/prebuilt/linux-x86_64/bin/armv7a-linux-androideabi29-clang -c -g -O2  -o out/conftest2.o conftest.c >&5
configure:9675: $? = 0
configure:9697: result: yes
configure:9705: checking if /home1/silogood/Android/ndk/ndk-bundle/android-ndk-r22/toolchains/llvm/prebuilt/linux-x86_64/bin/armv7a-linux-androideabi29-clang supports -c -o file.o
configure:9752: result: yes
configure:9785: checking whether the /home1/silogood/Android/ndk/ndk-bundle/android-ndk-r22/toolchains/llvm/prebuilt/linux-x86_64/bin/armv7a-linux-androideabi29-clang linker (/home1/silogood/Android/ndk/ndk-bundle/android-ndk-r22/toolchains/llvm/prebuilt/linux-x86_64/bin/arm-linux-androideabi-ld.bfd) supports shared libraries
configure:11044: result: yes
configure:11081: checking whether -lc should be explicitly linked in
configure:11089: /home1/silogood/Android/ndk/ndk-bundle/android-ndk-r22/toolchains/llvm/prebuilt/linux-x86_64/bin/armv7a-linux-androideabi29-clang -c -g -O2  conftest.c >&5
configure:11092: $? = 0
configure:11107: /home1/silogood/Android/ndk/ndk-bundle/android-ndk-r22/toolchains/llvm/prebuilt/linux-x86_64/bin/armv7a-linux-androideabi29-clang -shared  -fPIC -DPIC conftest.o  -v -Wl,-soname -Wl,conftest -o conftest 2\>\&1 \| /usr/bin/grep  -lc  \>/dev/null 2\>\&1
configure:11110: $? = 0
configure:11124: result: no
configure:11284: checking dynamic linker characteristics
configure:12102: result: Android linker
configure:12224: checking how to hardcode library paths into programs
configure:12249: result: immediate
configure:12797: checking whether stripping libraries is possible
configure:12802: result: yes
configure:12837: checking if libtool supports shared libraries
configure:12839: result: yes
configure:12842: checking whether to build shared libraries
configure:12867: result: yes
configure:12870: checking whether to build static libraries
configure:12874: result: no
configure:9709: checking for fdatasync
configure:9709: /home1/silogood/Android/ndk/ndk-bundle/android-ndk-r22/toolchains/llvm/prebuilt/linux-x86_64/bin/armv7a-linux-androideabi29-clang -o conftest -g -O2   conftest.c  >&5
configure:9709: $? = 0
configure:9709: result: yes
configure:9709: checking for usleep
configure:9709: /home1/silogood/Android/ndk/ndk-bundle/android-ndk-r22/toolchains/llvm/prebuilt/linux-x86_64/bin/armv7a-linux-androideabi29-clang -o conftest -g -O2   conftest.c  >&5
configure:9709: $? = 0
configure:9709: result: yes
configure:9709: checking for fullfsync
configure:9709: /home1/silogood/Android/ndk/ndk-bundle/android-ndk-r22/toolchains/llvm/prebuilt/linux-x86_64/bin/armv7a-linux-androideabi29-clang -o conftest -g -O2   conftest.c  >&5
ld: error: undefined symbol: fullfsync
>>> referenced by conftest.c:60
>>>               /tmp/conftest-f2da4b.o:(main)
clang: error: linker command failed with exit code 1 (use -v to see invocation)
configure:9709: $? = 1
configure: failed program was:
| /* confdefs.h */
| #define PACKAGE_NAME "sqlite"
| #define PACKAGE_TARNAME "sqlite"
| #define PACKAGE_VERSION "3.24.0"
| #define PACKAGE_STRING "sqlite 3.24.0"
| #define PACKAGE_BUGREPORT "http://www.sqlite.org"
| #define PACKAGE_URL ""
| #define PACKAGE "sqlite"
| #define VERSION "3.24.0"
| #define _FILE_OFFSET_BITS 64
| #define STDC_HEADERS 1
| #define HAVE_SYS_TYPES_H 1
| #define HAVE_SYS_STAT_H 1
| #define HAVE_STDLIB_H 1
| #define HAVE_STRING_H 1
| #define HAVE_MEMORY_H 1
| #define HAVE_STRINGS_H 1
| #define HAVE_INTTYPES_H 1
| #define HAVE_STDINT_H 1
| #define HAVE_UNISTD_H 1
| #define HAVE_DLFCN_H 1
| #define LT_OBJDIR ".libs/"
| #define HAVE_FDATASYNC 1
| #define HAVE_USLEEP 1
| /* end confdefs.h.  */
| /* Define fullfsync to an innocuous variant, in case <limits.h> declares fullfsync.
|    For example, HP-UX 11i <limits.h> declares gettimeofday.  */
| #define fullfsync innocuous_fullfsync
| 
| /* System header to define __stub macros and hopefully few prototypes,
|     which can conflict with char fullfsync (); below.
|     Prefer <limits.h> to <assert.h> if __STDC__ is defined, since
|     <limits.h> exists even on freestanding compilers.  */
| 
| #ifdef __STDC__
| # include <limits.h>
| #else
| # include <assert.h>
| #endif
| 
| #undef fullfsync
| 
| /* Override any GCC internal prototype to avoid an error.
|    Use char because int might match the return type of a GCC
|    builtin and then its argument prototype would still apply.  */
| #ifdef __cplusplus
| extern "C"
| #endif
| char fullfsync ();
| /* The GNU C library defines this for functions which it implements
|     to always fail with ENOSYS.  Some functions are actually named
|     something starting with __ and the normal name is an alias.  */
| #if defined __stub_fullfsync || defined __stub___fullfsync
| choke me
| #endif
| 
| int
| main ()
| {
| return fullfsync ();
|   ;
|   return 0;
| }
configure:9709: result: no
configure:9709: checking for localtime_r
configure:9709: /home1/silogood/Android/ndk/ndk-bundle/android-ndk-r22/toolchains/llvm/prebuilt/linux-x86_64/bin/armv7a-linux-androideabi29-clang -o conftest -g -O2   conftest.c  >&5
configure:9709: $? = 0
configure:9709: result: yes
configure:9709: checking for gmtime_r
configure:9709: /home1/silogood/Android/ndk/ndk-bundle/android-ndk-r22/toolchains/llvm/prebuilt/linux-x86_64/bin/armv7a-linux-androideabi29-clang -o conftest -g -O2   conftest.c  >&5
configure:9709: $? = 0
configure:9709: result: yes
configure:9718: checking whether strerror_r is declared
configure:9718: /home1/silogood/Android/ndk/ndk-bundle/android-ndk-r22/toolchains/llvm/prebuilt/linux-x86_64/bin/armv7a-linux-androideabi29-clang -c -g -O2  conftest.c >&5
configure:9718: $? = 0
configure:9718: result: yes
configure:9731: checking for strerror_r
configure:9731: /home1/silogood/Android/ndk/ndk-bundle/android-ndk-r22/toolchains/llvm/prebuilt/linux-x86_64/bin/armv7a-linux-androideabi29-clang -o conftest -g -O2   conftest.c  >&5
configure:9731: $? = 0
configure:9731: result: yes
configure:9740: checking whether strerror_r returns char *
configure:9764: /home1/silogood/Android/ndk/ndk-bundle/android-ndk-r22/toolchains/llvm/prebuilt/linux-x86_64/bin/armv7a-linux-androideabi29-clang -c -g -O2  conftest.c >&5
conftest.c:68:13: error: indirection requires pointer operand ('int' invalid)
          char x = *strerror_r (0, buf, sizeof buf);
                   ^~~~~~~~~~~~~~~~~~~~~~~~~~~~~~~~
conftest.c:69:10: warning: incompatible integer to pointer conversion initializing 'char *' with an expression of type 'int' [-Wint-conversion]
          char *p = strerror_r (0, buf, sizeof buf);
                ^   ~~~~~~~~~~~~~~~~~~~~~~~~~~~~~~~
1 warning and 1 error generated.
configure:9764: $? = 1
configure: failed program was:
| /* confdefs.h */
| #define PACKAGE_NAME "sqlite"
| #define PACKAGE_TARNAME "sqlite"
| #define PACKAGE_VERSION "3.24.0"
| #define PACKAGE_STRING "sqlite 3.24.0"
| #define PACKAGE_BUGREPORT "http://www.sqlite.org"
| #define PACKAGE_URL ""
| #define PACKAGE "sqlite"
| #define VERSION "3.24.0"
| #define _FILE_OFFSET_BITS 64
| #define STDC_HEADERS 1
| #define HAVE_SYS_TYPES_H 1
| #define HAVE_SYS_STAT_H 1
| #define HAVE_STDLIB_H 1
| #define HAVE_STRING_H 1
| #define HAVE_MEMORY_H 1
| #define HAVE_STRINGS_H 1
| #define HAVE_INTTYPES_H 1
| #define HAVE_STDINT_H 1
| #define HAVE_UNISTD_H 1
| #define HAVE_DLFCN_H 1
| #define LT_OBJDIR ".libs/"
| #define HAVE_FDATASYNC 1
| #define HAVE_USLEEP 1
| #define HAVE_LOCALTIME_R 1
| #define HAVE_GMTIME_R 1
| #define HAVE_DECL_STRERROR_R 1
| #define HAVE_STRERROR_R 1
| /* end confdefs.h.  */
| #include <stdio.h>
| #ifdef HAVE_SYS_TYPES_H
| # include <sys/types.h>
| #endif
| #ifdef HAVE_SYS_STAT_H
| # include <sys/stat.h>
| #endif
| #ifdef STDC_HEADERS
| # include <stdlib.h>
| # include <stddef.h>
| #else
| # ifdef HAVE_STDLIB_H
| #  include <stdlib.h>
| # endif
| #endif
| #ifdef HAVE_STRING_H
| # if !defined STDC_HEADERS && defined HAVE_MEMORY_H
| #  include <memory.h>
| # endif
| # include <string.h>
| #endif
| #ifdef HAVE_STRINGS_H
| # include <strings.h>
| #endif
| #ifdef HAVE_INTTYPES_H
| # include <inttypes.h>
| #endif
| #ifdef HAVE_STDINT_H
| # include <stdint.h>
| #endif
| #ifdef HAVE_UNISTD_H
| # include <unistd.h>
| #endif
| int
| main ()
| {
| 
| 	  char buf[100];
| 	  char x = *strerror_r (0, buf, sizeof buf);
| 	  char *p = strerror_r (0, buf, sizeof buf);
| 	  return !p || x;
| 
|   ;
|   return 0;
| }
configure:9802: result: no
configure:9846: checking editline/readline.h usability
configure:9846: /home1/silogood/Android/ndk/ndk-bundle/android-ndk-r22/toolchains/llvm/prebuilt/linux-x86_64/bin/armv7a-linux-androideabi29-clang -c -g -O2  conftest.c >&5
conftest.c:63:10: fatal error: 'editline/readline.h' file not found
#include <editline/readline.h>
         ^~~~~~~~~~~~~~~~~~~~~
1 error generated.
configure:9846: $? = 1
configure: failed program was:
| /* confdefs.h */
| #define PACKAGE_NAME "sqlite"
| #define PACKAGE_TARNAME "sqlite"
| #define PACKAGE_VERSION "3.24.0"
| #define PACKAGE_STRING "sqlite 3.24.0"
| #define PACKAGE_BUGREPORT "http://www.sqlite.org"
| #define PACKAGE_URL ""
| #define PACKAGE "sqlite"
| #define VERSION "3.24.0"
| #define _FILE_OFFSET_BITS 64
| #define STDC_HEADERS 1
| #define HAVE_SYS_TYPES_H 1
| #define HAVE_SYS_STAT_H 1
| #define HAVE_STDLIB_H 1
| #define HAVE_STRING_H 1
| #define HAVE_MEMORY_H 1
| #define HAVE_STRINGS_H 1
| #define HAVE_INTTYPES_H 1
| #define HAVE_STDINT_H 1
| #define HAVE_UNISTD_H 1
| #define HAVE_DLFCN_H 1
| #define LT_OBJDIR ".libs/"
| #define HAVE_FDATASYNC 1
| #define HAVE_USLEEP 1
| #define HAVE_LOCALTIME_R 1
| #define HAVE_GMTIME_R 1
| #define HAVE_DECL_STRERROR_R 1
| #define HAVE_STRERROR_R 1
| /* end confdefs.h.  */
| #include <stdio.h>
| #ifdef HAVE_SYS_TYPES_H
| # include <sys/types.h>
| #endif
| #ifdef HAVE_SYS_STAT_H
| # include <sys/stat.h>
| #endif
| #ifdef STDC_HEADERS
| # include <stdlib.h>
| # include <stddef.h>
| #else
| # ifdef HAVE_STDLIB_H
| #  include <stdlib.h>
| # endif
| #endif
| #ifdef HAVE_STRING_H
| # if !defined STDC_HEADERS && defined HAVE_MEMORY_H
| #  include <memory.h>
| # endif
| # include <string.h>
| #endif
| #ifdef HAVE_STRINGS_H
| # include <strings.h>
| #endif
| #ifdef HAVE_INTTYPES_H
| # include <inttypes.h>
| #endif
| #ifdef HAVE_STDINT_H
| # include <stdint.h>
| #endif
| #ifdef HAVE_UNISTD_H
| # include <unistd.h>
| #endif
| #include <editline/readline.h>
configure:9846: result: no
configure:9846: checking editline/readline.h presence
configure:9846: /home1/silogood/Android/ndk/ndk-bundle/android-ndk-r22/toolchains/llvm/prebuilt/linux-x86_64/bin/armv7a-linux-androideabi29-clang -E  conftest.c
conftest.c:30:10: fatal error: 'editline/readline.h' file not found
#include <editline/readline.h>
         ^~~~~~~~~~~~~~~~~~~~~
1 error generated.
configure:9846: $? = 1
configure: failed program was:
| /* confdefs.h */
| #define PACKAGE_NAME "sqlite"
| #define PACKAGE_TARNAME "sqlite"
| #define PACKAGE_VERSION "3.24.0"
| #define PACKAGE_STRING "sqlite 3.24.0"
| #define PACKAGE_BUGREPORT "http://www.sqlite.org"
| #define PACKAGE_URL ""
| #define PACKAGE "sqlite"
| #define VERSION "3.24.0"
| #define _FILE_OFFSET_BITS 64
| #define STDC_HEADERS 1
| #define HAVE_SYS_TYPES_H 1
| #define HAVE_SYS_STAT_H 1
| #define HAVE_STDLIB_H 1
| #define HAVE_STRING_H 1
| #define HAVE_MEMORY_H 1
| #define HAVE_STRINGS_H 1
| #define HAVE_INTTYPES_H 1
| #define HAVE_STDINT_H 1
| #define HAVE_UNISTD_H 1
| #define HAVE_DLFCN_H 1
| #define LT_OBJDIR ".libs/"
| #define HAVE_FDATASYNC 1
| #define HAVE_USLEEP 1
| #define HAVE_LOCALTIME_R 1
| #define HAVE_GMTIME_R 1
| #define HAVE_DECL_STRERROR_R 1
| #define HAVE_STRERROR_R 1
| /* end confdefs.h.  */
| #include <editline/readline.h>
configure:9846: result: no
configure:9846: checking for editline/readline.h
configure:9846: result: no
configure:9930: checking readline/readline.h usability
configure:9930: /home1/silogood/Android/ndk/ndk-bundle/android-ndk-r22/toolchains/llvm/prebuilt/linux-x86_64/bin/armv7a-linux-androideabi29-clang -c -g -O2  conftest.c >&5
conftest.c:63:10: fatal error: 'readline/readline.h' file not found
#include <readline/readline.h>
         ^~~~~~~~~~~~~~~~~~~~~
1 error generated.
configure:9930: $? = 1
configure: failed program was:
| /* confdefs.h */
| #define PACKAGE_NAME "sqlite"
| #define PACKAGE_TARNAME "sqlite"
| #define PACKAGE_VERSION "3.24.0"
| #define PACKAGE_STRING "sqlite 3.24.0"
| #define PACKAGE_BUGREPORT "http://www.sqlite.org"
| #define PACKAGE_URL ""
| #define PACKAGE "sqlite"
| #define VERSION "3.24.0"
| #define _FILE_OFFSET_BITS 64
| #define STDC_HEADERS 1
| #define HAVE_SYS_TYPES_H 1
| #define HAVE_SYS_STAT_H 1
| #define HAVE_STDLIB_H 1
| #define HAVE_STRING_H 1
| #define HAVE_MEMORY_H 1
| #define HAVE_STRINGS_H 1
| #define HAVE_INTTYPES_H 1
| #define HAVE_STDINT_H 1
| #define HAVE_UNISTD_H 1
| #define HAVE_DLFCN_H 1
| #define LT_OBJDIR ".libs/"
| #define HAVE_FDATASYNC 1
| #define HAVE_USLEEP 1
| #define HAVE_LOCALTIME_R 1
| #define HAVE_GMTIME_R 1
| #define HAVE_DECL_STRERROR_R 1
| #define HAVE_STRERROR_R 1
| /* end confdefs.h.  */
| #include <stdio.h>
| #ifdef HAVE_SYS_TYPES_H
| # include <sys/types.h>
| #endif
| #ifdef HAVE_SYS_STAT_H
| # include <sys/stat.h>
| #endif
| #ifdef STDC_HEADERS
| # include <stdlib.h>
| # include <stddef.h>
| #else
| # ifdef HAVE_STDLIB_H
| #  include <stdlib.h>
| # endif
| #endif
| #ifdef HAVE_STRING_H
| # if !defined STDC_HEADERS && defined HAVE_MEMORY_H
| #  include <memory.h>
| # endif
| # include <string.h>
| #endif
| #ifdef HAVE_STRINGS_H
| # include <strings.h>
| #endif
| #ifdef HAVE_INTTYPES_H
| # include <inttypes.h>
| #endif
| #ifdef HAVE_STDINT_H
| # include <stdint.h>
| #endif
| #ifdef HAVE_UNISTD_H
| # include <unistd.h>
| #endif
| #include <readline/readline.h>
configure:9930: result: no
configure:9930: checking readline/readline.h presence
configure:9930: /home1/silogood/Android/ndk/ndk-bundle/android-ndk-r22/toolchains/llvm/prebuilt/linux-x86_64/bin/armv7a-linux-androideabi29-clang -E  conftest.c
conftest.c:30:10: fatal error: 'readline/readline.h' file not found
#include <readline/readline.h>
         ^~~~~~~~~~~~~~~~~~~~~
1 error generated.
configure:9930: $? = 1
configure: failed program was:
| /* confdefs.h */
| #define PACKAGE_NAME "sqlite"
| #define PACKAGE_TARNAME "sqlite"
| #define PACKAGE_VERSION "3.24.0"
| #define PACKAGE_STRING "sqlite 3.24.0"
| #define PACKAGE_BUGREPORT "http://www.sqlite.org"
| #define PACKAGE_URL ""
| #define PACKAGE "sqlite"
| #define VERSION "3.24.0"
| #define _FILE_OFFSET_BITS 64
| #define STDC_HEADERS 1
| #define HAVE_SYS_TYPES_H 1
| #define HAVE_SYS_STAT_H 1
| #define HAVE_STDLIB_H 1
| #define HAVE_STRING_H 1
| #define HAVE_MEMORY_H 1
| #define HAVE_STRINGS_H 1
| #define HAVE_INTTYPES_H 1
| #define HAVE_STDINT_H 1
| #define HAVE_UNISTD_H 1
| #define HAVE_DLFCN_H 1
| #define LT_OBJDIR ".libs/"
| #define HAVE_FDATASYNC 1
| #define HAVE_USLEEP 1
| #define HAVE_LOCALTIME_R 1
| #define HAVE_GMTIME_R 1
| #define HAVE_DECL_STRERROR_R 1
| #define HAVE_STRERROR_R 1
| /* end confdefs.h.  */
| #include <readline/readline.h>
configure:9930: result: no
configure:9930: checking for readline/readline.h
configure:9930: result: no
configure:10080: checking for library containing pthread_create
configure:10111: /home1/silogood/Android/ndk/ndk-bundle/android-ndk-r22/toolchains/llvm/prebuilt/linux-x86_64/bin/armv7a-linux-androideabi29-clang -o conftest -g -O2   conftest.c  >&5
configure:10111: $? = 0
configure:10128: result: none required
configure:10136: checking for library containing pthread_mutexattr_init
configure:10167: /home1/silogood/Android/ndk/ndk-bundle/android-ndk-r22/toolchains/llvm/prebuilt/linux-x86_64/bin/armv7a-linux-androideabi29-clang -o conftest -g -O2   conftest.c  >&5
configure:10167: $? = 0
configure:10184: result: none required
configure:10207: checking for library containing dlopen
configure:10238: /home1/silogood/Android/ndk/ndk-bundle/android-ndk-r22/toolchains/llvm/prebuilt/linux-x86_64/bin/armv7a-linux-androideabi29-clang -o conftest -g -O2   conftest.c  >&5
configure:10238: $? = 0
configure:10255: result: none required
configure:10266: checking for whether to support dynamic extensions
configure:10268: result: yes
configure:10284: checking for library containing log
configure:10315: /home1/silogood/Android/ndk/ndk-bundle/android-ndk-r22/toolchains/llvm/prebuilt/linux-x86_64/bin/armv7a-linux-androideabi29-clang -o conftest -g -O2   conftest.c  >&5
conftest.c:37:6: warning: incompatible redeclaration of library function 'log' [-Wincompatible-library-redeclaration]
char log ();
     ^
conftest.c:37:6: note: 'log' is a builtin with type 'double (double)'
1 warning generated.
ld: error: undefined symbol: log
>>> referenced by conftest.c:41
>>>               /tmp/conftest-3ff964.o:(main)
clang: error: linker command failed with exit code 1 (use -v to see invocation)
configure:10315: $? = 1
configure: failed program was:
| /* confdefs.h */
| #define PACKAGE_NAME "sqlite"
| #define PACKAGE_TARNAME "sqlite"
| #define PACKAGE_VERSION "3.24.0"
| #define PACKAGE_STRING "sqlite 3.24.0"
| #define PACKAGE_BUGREPORT "http://www.sqlite.org"
| #define PACKAGE_URL ""
| #define PACKAGE "sqlite"
| #define VERSION "3.24.0"
| #define _FILE_OFFSET_BITS 64
| #define STDC_HEADERS 1
| #define HAVE_SYS_TYPES_H 1
| #define HAVE_SYS_STAT_H 1
| #define HAVE_STDLIB_H 1
| #define HAVE_STRING_H 1
| #define HAVE_MEMORY_H 1
| #define HAVE_STRINGS_H 1
| #define HAVE_INTTYPES_H 1
| #define HAVE_STDINT_H 1
| #define HAVE_UNISTD_H 1
| #define HAVE_DLFCN_H 1
| #define LT_OBJDIR ".libs/"
| #define HAVE_FDATASYNC 1
| #define HAVE_USLEEP 1
| #define HAVE_LOCALTIME_R 1
| #define HAVE_GMTIME_R 1
| #define HAVE_DECL_STRERROR_R 1
| #define HAVE_STRERROR_R 1
| /* end confdefs.h.  */
| 
| /* Override any GCC internal prototype to avoid an error.
|    Use char because int might match the return type of a GCC
|    builtin and then its argument prototype would still apply.  */
| #ifdef __cplusplus
| extern "C"
| #endif
| char log ();
| int
| main ()
| {
| return log ();
|   ;
|   return 0;
| }
configure:10315: /home1/silogood/Android/ndk/ndk-bundle/android-ndk-r22/toolchains/llvm/prebuilt/linux-x86_64/bin/armv7a-linux-androideabi29-clang -o conftest -g -O2   conftest.c -lm   >&5
conftest.c:37:6: warning: incompatible redeclaration of library function 'log' [-Wincompatible-library-redeclaration]
char log ();
     ^
conftest.c:37:6: note: 'log' is a builtin with type 'double (double)'
1 warning generated.
configure:10315: $? = 0
configure:10332: result: -lm
configure:10413: checking for posix_fallocate
configure:10413: /home1/silogood/Android/ndk/ndk-bundle/android-ndk-r22/toolchains/llvm/prebuilt/linux-x86_64/bin/armv7a-linux-androideabi29-clang -o conftest -g -O2   conftest.c -lm  >&5
configure:10413: $? = 0
configure:10413: result: yes
configure:10424: checking zlib.h usability
configure:10424: /home1/silogood/Android/ndk/ndk-bundle/android-ndk-r22/toolchains/llvm/prebuilt/linux-x86_64/bin/armv7a-linux-androideabi29-clang -c -g -O2  conftest.c >&5
configure:10424: $? = 0
configure:10424: result: yes
configure:10424: checking zlib.h presence
configure:10424: /home1/silogood/Android/ndk/ndk-bundle/android-ndk-r22/toolchains/llvm/prebuilt/linux-x86_64/bin/armv7a-linux-androideabi29-clang -E  conftest.c
configure:10424: $? = 0
configure:10424: result: yes
configure:10424: checking for zlib.h
configure:10424: result: yes
configure:10430: checking for library containing deflate
configure:10461: /home1/silogood/Android/ndk/ndk-bundle/android-ndk-r22/toolchains/llvm/prebuilt/linux-x86_64/bin/armv7a-linux-androideabi29-clang -o conftest -g -O2   conftest.c -lm  >&5
ld: error: undefined symbol: deflate
>>> referenced by conftest.c:43
>>>               /tmp/conftest-0f1296.o:(main)
clang: error: linker command failed with exit code 1 (use -v to see invocation)
configure:10461: $? = 1
configure: failed program was:
| /* confdefs.h */
| #define PACKAGE_NAME "sqlite"
| #define PACKAGE_TARNAME "sqlite"
| #define PACKAGE_VERSION "3.24.0"
| #define PACKAGE_STRING "sqlite 3.24.0"
| #define PACKAGE_BUGREPORT "http://www.sqlite.org"
| #define PACKAGE_URL ""
| #define PACKAGE "sqlite"
| #define VERSION "3.24.0"
| #define _FILE_OFFSET_BITS 64
| #define STDC_HEADERS 1
| #define HAVE_SYS_TYPES_H 1
| #define HAVE_SYS_STAT_H 1
| #define HAVE_STDLIB_H 1
| #define HAVE_STRING_H 1
| #define HAVE_MEMORY_H 1
| #define HAVE_STRINGS_H 1
| #define HAVE_INTTYPES_H 1
| #define HAVE_STDINT_H 1
| #define HAVE_UNISTD_H 1
| #define HAVE_DLFCN_H 1
| #define LT_OBJDIR ".libs/"
| #define HAVE_FDATASYNC 1
| #define HAVE_USLEEP 1
| #define HAVE_LOCALTIME_R 1
| #define HAVE_GMTIME_R 1
| #define HAVE_DECL_STRERROR_R 1
| #define HAVE_STRERROR_R 1
| #define HAVE_POSIX_FALLOCATE 1
| #define HAVE_ZLIB_H 1
| /* end confdefs.h.  */
| 
| /* Override any GCC internal prototype to avoid an error.
|    Use char because int might match the return type of a GCC
|    builtin and then its argument prototype would still apply.  */
| #ifdef __cplusplus
| extern "C"
| #endif
| char deflate ();
| int
| main ()
| {
| return deflate ();
|   ;
|   return 0;
| }
configure:10461: /home1/silogood/Android/ndk/ndk-bundle/android-ndk-r22/toolchains/llvm/prebuilt/linux-x86_64/bin/armv7a-linux-androideabi29-clang -o conftest -g -O2   conftest.c -lz  -lm  >&5
configure:10461: $? = 0
configure:10478: result: -lz
configure:10493: checking for library containing system
configure:10524: /home1/silogood/Android/ndk/ndk-bundle/android-ndk-r22/toolchains/llvm/prebuilt/linux-x86_64/bin/armv7a-linux-androideabi29-clang -o conftest -g -O2   conftest.c -lz -lm  >&5
configure:10524: $? = 0
configure:10541: result: none required
configure:10715: checking that generated files are newer than configure
configure:10721: result: done
configure:10748: creating ./config.status

## ---------------------- ##
## Running config.status. ##
## ---------------------- ##

This file was extended by sqlite config.status 3.24.0, which was
generated by GNU Autoconf 2.69.  Invocation command line was

  CONFIG_FILES    = 
  CONFIG_HEADERS  = 
  CONFIG_LINKS    = 
  CONFIG_COMMANDS = 
  $ ./config.status 

on Mars

config.status:1015: creating Makefile
config.status:1015: creating sqlite3.pc
config.status:1172: executing depfiles commands
config.status:1172: executing libtool commands

## ---------------- ##
## Cache variables. ##
## ---------------- ##

ac_cv_build=x86_64-pc-linux-gnu
ac_cv_c_compiler_gnu=yes
ac_cv_env_CC_set=set
ac_cv_env_CC_value=/home1/silogood/Android/ndk/ndk-bundle/android-ndk-r22/toolchains/llvm/prebuilt/linux-x86_64/bin/armv7a-linux-androideabi29-clang
ac_cv_env_CFLAGS_set=
ac_cv_env_CFLAGS_value=
ac_cv_env_CPPFLAGS_set=
ac_cv_env_CPPFLAGS_value=
ac_cv_env_CPP_set=
ac_cv_env_CPP_value=
ac_cv_env_LDFLAGS_set=
ac_cv_env_LDFLAGS_value=
ac_cv_env_LIBS_set=
ac_cv_env_LIBS_value=
ac_cv_env_LT_SYS_LIBRARY_PATH_set=
ac_cv_env_LT_SYS_LIBRARY_PATH_value=
ac_cv_env_build_alias_set=set
ac_cv_env_build_alias_value=x86_64-linux-gnu
ac_cv_env_host_alias_set=set
ac_cv_env_host_alias_value=arm-linux-androideabi
ac_cv_env_target_alias_set=
ac_cv_env_target_alias_value=
ac_cv_func_fdatasync=yes
ac_cv_func_fullfsync=no
ac_cv_func_gmtime_r=yes
ac_cv_func_localtime_r=yes
ac_cv_func_posix_fallocate=yes
ac_cv_func_strerror_r=yes
ac_cv_func_strerror_r_char_p=no
ac_cv_func_usleep=yes
ac_cv_have_decl_strerror_r=yes
ac_cv_header_dlfcn_h=yes
ac_cv_header_editline_readline_h=no
ac_cv_header_inttypes_h=yes
ac_cv_header_memory_h=yes
ac_cv_header_readline_readline_h=no
ac_cv_header_stdc=yes
ac_cv_header_stdint_h=yes
ac_cv_header_stdlib_h=yes
ac_cv_header_string_h=yes
ac_cv_header_strings_h=yes
ac_cv_header_sys_stat_h=yes
ac_cv_header_sys_types_h=yes
ac_cv_header_unistd_h=yes
ac_cv_header_zlib_h=yes
ac_cv_host=arm-unknown-linux-androideabi
ac_cv_objext=o
ac_cv_path_EGREP='/usr/bin/grep -E'
ac_cv_path_FGREP='/usr/bin/grep -F'
ac_cv_path_GREP=/usr/bin/grep
ac_cv_path_SED=/usr/bin/sed
ac_cv_path_install='/usr/bin/install -c'
ac_cv_path_lt_DD=/usr/bin/dd
ac_cv_path_mkdir=/usr/bin/mkdir
ac_cv_prog_AR=/home1/silogood/Android/ndk/ndk-bundle/android-ndk-r22/toolchains/llvm/prebuilt/linux-x86_64/bin/arm-linux-androideabi-ar
ac_cv_prog_AWK=gawk
ac_cv_prog_CC=/home1/silogood/Android/ndk/ndk-bundle/android-ndk-r22/toolchains/llvm/prebuilt/linux-x86_64/bin/armv7a-linux-androideabi29-clang
ac_cv_prog_CPP='/home1/silogood/Android/ndk/ndk-bundle/android-ndk-r22/toolchains/llvm/prebuilt/linux-x86_64/bin/armv7a-linux-androideabi29-clang -E'
ac_cv_prog_OBJDUMP=arm-linux-androideabi-objdump
ac_cv_prog_RANLIB=/home1/silogood/Android/ndk/ndk-bundle/android-ndk-r22/toolchains/llvm/prebuilt/linux-x86_64/bin/arm-linux-androideabi-ranlib
ac_cv_prog_STRIP=/home1/silogood/Android/ndk/ndk-bundle/android-ndk-r22/toolchains/llvm/prebuilt/linux-x86_64/bin/arm-linux-androideabi-strip
ac_cv_prog_ac_ct_MANIFEST_TOOL=mt
ac_cv_prog_cc_c89=
ac_cv_prog_cc_g=yes
ac_cv_prog_make_make_set=yes
ac_cv_search_deflate=-lz
ac_cv_search_dlopen='none required'
ac_cv_search_log=-lm
ac_cv_search_pthread_create='none required'
ac_cv_search_pthread_mutexattr_init='none required'
ac_cv_search_system='none required'
ac_cv_sys_file_offset_bits=64
ac_cv_sys_largefile_CC=no
am_cv_CC_dependencies_compiler_type=gcc3
am_cv_make_support_nested_variables=yes
am_cv_prog_cc_c_o=yes
lt_cv_ar_at_file=@
lt_cv_archive_cmds_need_lc=no
lt_cv_deplibs_check_method=pass_all
lt_cv_file_magic_cmd='$MAGIC_CMD'
lt_cv_file_magic_test_file=
lt_cv_ld_reload_flag=-r
lt_cv_nm_interface='BSD nm'
lt_cv_objdir=.libs
lt_cv_path_LD=/home1/silogood/Android/ndk/ndk-bundle/android-ndk-r22/toolchains/llvm/prebuilt/linux-x86_64/bin/arm-linux-androideabi-ld.bfd
lt_cv_path_NM='/home1/silogood/Android/ndk/ndk-bundle/android-ndk-r22/toolchains/llvm/prebuilt/linux-x86_64/bin/arm-linux-androideabi-nm -B'
lt_cv_path_mainfest_tool=no
lt_cv_prog_compiler_c_o=yes
lt_cv_prog_compiler_pic='-fPIC -DPIC'
lt_cv_prog_compiler_pic_works=yes
lt_cv_prog_compiler_rtti_exceptions=yes
lt_cv_prog_compiler_static_works=yes
lt_cv_prog_gnu_ld=yes
lt_cv_sharedlib_from_linklib_cmd='printf %s\n'
lt_cv_sys_global_symbol_pipe='sed -n -e '\''s/^.*[	 ]\([ABCDGIRSTW][ABCDGIRSTW]*\)[	 ][	 ]*\([_A-Za-z][_A-Za-z0-9]*\)$/\1 \2 \2/p'\'' | sed '\''/ __gnu_lto/d'\'''
lt_cv_sys_global_symbol_to_c_name_address='sed -n -e '\''s/^: \(.*\) .*$/  {"\1", (void *) 0},/p'\'' -e '\''s/^[ABCDGIRSTW][ABCDGIRSTW]* .* \(.*\)$/  {"\1", (void *) \&\1},/p'\'''
lt_cv_sys_global_symbol_to_c_name_address_lib_prefix='sed -n -e '\''s/^: \(.*\) .*$/  {"\1", (void *) 0},/p'\'' -e '\''s/^[ABCDGIRSTW][ABCDGIRSTW]* .* \(lib.*\)$/  {"\1", (void *) \&\1},/p'\'' -e '\''s/^[ABCDGIRSTW][ABCDGIRSTW]* .* \(.*\)$/  {"lib\1", (void *) \&\1},/p'\'''
lt_cv_sys_global_symbol_to_cdecl='sed -n -e '\''s/^T .* \(.*\)$/extern int \1();/p'\'' -e '\''s/^[ABCDGIRSTW][ABCDGIRSTW]* .* \(.*\)$/extern char \1;/p'\'''
lt_cv_sys_global_symbol_to_import=
lt_cv_sys_max_cmd_len=1572864
lt_cv_to_host_file_cmd=func_convert_file_noop
lt_cv_to_tool_file_cmd=func_convert_file_noop
lt_cv_truncate_bin='/usr/bin/dd bs=4096 count=1'

## ----------------- ##
## Output variables. ##
## ----------------- ##

ACLOCAL='${SHELL} /home2/silogood/alexa/AVS/Libraries/sqlite3/missing aclocal-1.15'
AMDEPBACKSLASH='\'
AMDEP_FALSE='#'
AMDEP_TRUE=''
AMTAR='$${TAR-tar}'
AM_BACKSLASH='\'
AM_DEFAULT_V='$(AM_DEFAULT_VERBOSITY)'
AM_DEFAULT_VERBOSITY='1'
AM_V='$(V)'
AR='/home1/silogood/Android/ndk/ndk-bundle/android-ndk-r22/toolchains/llvm/prebuilt/linux-x86_64/bin/arm-linux-androideabi-ar'
AUTOCONF='${SHELL} /home2/silogood/alexa/AVS/Libraries/sqlite3/missing autoconf'
AUTOHEADER='${SHELL} /home2/silogood/alexa/AVS/Libraries/sqlite3/missing autoheader'
AUTOMAKE='${SHELL} /home2/silogood/alexa/AVS/Libraries/sqlite3/missing automake-1.15'
AWK='gawk'
BUILD_CFLAGS=''
CC='/home1/silogood/Android/ndk/ndk-bundle/android-ndk-r22/toolchains/llvm/prebuilt/linux-x86_64/bin/armv7a-linux-androideabi29-clang'
CCDEPMODE='depmode=gcc3'
CFLAGS='-g -O2'
CPP='/home1/silogood/Android/ndk/ndk-bundle/android-ndk-r22/toolchains/llvm/prebuilt/linux-x86_64/bin/armv7a-linux-androideabi29-clang -E'
CPPFLAGS=''
CYGPATH_W='echo'
DEBUG_FLAGS=''
DEFS='-DPACKAGE_NAME=\"sqlite\" -DPACKAGE_TARNAME=\"sqlite\" -DPACKAGE_VERSION=\"3.24.0\" -DPACKAGE_STRING=\"sqlite\ 3.24.0\" -DPACKAGE_BUGREPORT=\"http://www.sqlite.org\" -DPACKAGE_URL=\"\" -DPACKAGE=\"sqlite\" -DVERSION=\"3.24.0\" -D_FILE_OFFSET_BITS=64 -DSTDC_HEADERS=1 -DHAVE_SYS_TYPES_H=1 -DHAVE_SYS_STAT_H=1 -DHAVE_STDLIB_H=1 -DHAVE_STRING_H=1 -DHAVE_MEMORY_H=1 -DHAVE_STRINGS_H=1 -DHAVE_INTTYPES_H=1 -DHAVE_STDINT_H=1 -DHAVE_UNISTD_H=1 -DHAVE_DLFCN_H=1 -DLT_OBJDIR=\".libs/\" -DHAVE_FDATASYNC=1 -DHAVE_USLEEP=1 -DHAVE_LOCALTIME_R=1 -DHAVE_GMTIME_R=1 -DHAVE_DECL_STRERROR_R=1 -DHAVE_STRERROR_R=1 -DHAVE_POSIX_FALLOCATE=1 -DHAVE_ZLIB_H=1'
DEPDIR='.deps'
DLLTOOL='false'
DSYMUTIL=''
DUMPBIN=''
DYNAMIC_EXTENSION_FLAGS=''
ECHO_C=''
ECHO_N='-n'
ECHO_T=''
EGREP='/usr/bin/grep -E'
EXEEXT=''
EXTRA_SHELL_OBJ='sqlite3-sqlite3.o'
FGREP='/usr/bin/grep -F'
FTS5_FLAGS='-DSQLITE_ENABLE_FTS5'
GREP='/usr/bin/grep'
INSTALL_DATA='${INSTALL} -m 644'
INSTALL_PROGRAM='${INSTALL}'
INSTALL_SCRIPT='${INSTALL}'
INSTALL_STRIP_PROGRAM='$(install_sh) -c -s'
JSON1_FLAGS='-DSQLITE_ENABLE_JSON1'
LD='/home1/silogood/Android/ndk/ndk-bundle/android-ndk-r22/toolchains/llvm/prebuilt/linux-x86_64/bin/arm-linux-androideabi-ld.bfd'
LDFLAGS=''
LIBOBJS=''
LIBS='-lz -lm '
LIBTOOL='$(SHELL) $(top_builddir)/libtool'
LIPO=''
LN_S='ln -s'
LTLIBOBJS=''
LT_SYS_LIBRARY_PATH=''
MAKEINFO='${SHELL} /home2/silogood/alexa/AVS/Libraries/sqlite3/missing makeinfo'
MANIFEST_TOOL=':'
MKDIR_P='/usr/bin/mkdir -p'
NM='/home1/silogood/Android/ndk/ndk-bundle/android-ndk-r22/toolchains/llvm/prebuilt/linux-x86_64/bin/arm-linux-androideabi-nm -B'
NMEDIT=''
OBJDUMP='arm-linux-androideabi-objdump'
OBJEXT='o'
OTOOL64=''
OTOOL=''
PACKAGE='sqlite'
PACKAGE_BUGREPORT='http://www.sqlite.org'
PACKAGE_NAME='sqlite'
PACKAGE_STRING='sqlite 3.24.0'
PACKAGE_TARNAME='sqlite'
PACKAGE_URL=''
PACKAGE_VERSION='3.24.0'
PATH_SEPARATOR=':'
RANLIB='/home1/silogood/Android/ndk/ndk-bundle/android-ndk-r22/toolchains/llvm/prebuilt/linux-x86_64/bin/arm-linux-androideabi-ranlib'
READLINE_LIBS=''
SED='/usr/bin/sed'
SESSION_FLAGS=''
SET_MAKE=''
SHELL='/bin/bash'
SHELL_CFLAGS=''
STRIP='/home1/silogood/Android/ndk/ndk-bundle/android-ndk-r22/toolchains/llvm/prebuilt/linux-x86_64/bin/arm-linux-androideabi-strip'
THREADSAFE_FLAGS='-D_REENTRANT=1 -DSQLITE_THREADSAFE=1'
VERSION='3.24.0'
ZLIB_FLAGS='-DSQLITE_HAVE_ZLIB'
ac_ct_AR=''
ac_ct_CC=''
ac_ct_DUMPBIN=''
am__EXEEXT_FALSE=''
am__EXEEXT_TRUE='#'
am__fastdepCC_FALSE='#'
am__fastdepCC_TRUE=''
am__include='include'
am__isrc=' -I$(srcdir)'
am__leading_dot='.'
am__nodep='_no'
am__quote=''
am__tar='$${TAR-tar} chof - "$$tardir"'
am__untar='$${TAR-tar} xf -'
bindir='${exec_prefix}/bin'
build='x86_64-pc-linux-gnu'
build_alias='x86_64-linux-gnu'
build_cpu='x86_64'
build_os='linux-gnu'
build_vendor='pc'
datadir='${datarootdir}'
datarootdir='${prefix}/share'
docdir='${datarootdir}/doc/${PACKAGE_TARNAME}'
dvidir='${docdir}'
exec_prefix='${prefix}'
host='arm-unknown-linux-androideabi'
host_alias='arm-linux-androideabi'
host_cpu='arm'
host_os='linux-androideabi'
host_vendor='unknown'
htmldir='${docdir}'
includedir='${prefix}/include'
infodir='${datarootdir}/info'
install_sh='${SHELL} /home2/silogood/alexa/AVS/Libraries/sqlite3/install-sh'
libdir='${exec_prefix}/lib'
libexecdir='${exec_prefix}/libexec'
localedir='${datarootdir}/locale'
localstatedir='${prefix}/var'
mandir='${datarootdir}/man'
mkdir_p='$(MKDIR_P)'
oldincludedir='/usr/include'
pdfdir='${docdir}'
prefix='/home2/silogood/alexa/AVS/debug/android-29/armeabi-v7a/install'
program_transform_name='s,x,x,'
psdir='${docdir}'
sbindir='${exec_prefix}/sbin'
sharedstatedir='${prefix}/com'
sysconfdir='${prefix}/etc'
target_alias=''

## ----------- ##
## confdefs.h. ##
## ----------- ##

/* confdefs.h */
#define PACKAGE_NAME "sqlite"
#define PACKAGE_TARNAME "sqlite"
#define PACKAGE_VERSION "3.24.0"
#define PACKAGE_STRING "sqlite 3.24.0"
#define PACKAGE_BUGREPORT "http://www.sqlite.org"
#define PACKAGE_URL ""
#define PACKAGE "sqlite"
#define VERSION "3.24.0"
#define _FILE_OFFSET_BITS 64
#define STDC_HEADERS 1
#define HAVE_SYS_TYPES_H 1
#define HAVE_SYS_STAT_H 1
#define HAVE_STDLIB_H 1
#define HAVE_STRING_H 1
#define HAVE_MEMORY_H 1
#define HAVE_STRINGS_H 1
#define HAVE_INTTYPES_H 1
#define HAVE_STDINT_H 1
#define HAVE_UNISTD_H 1
#define HAVE_DLFCN_H 1
#define LT_OBJDIR ".libs/"
#define HAVE_FDATASYNC 1
#define HAVE_USLEEP 1
#define HAVE_LOCALTIME_R 1
#define HAVE_GMTIME_R 1
#define HAVE_DECL_STRERROR_R 1
#define HAVE_STRERROR_R 1
#define HAVE_POSIX_FALLOCATE 1
#define HAVE_ZLIB_H 1

configure: exit 0
