The target system is: Android - 1 - armv7-a
The host system is: Linux - 5.11.0-37-generic - x86_64
Determining if the CXX compiler works passed with the following output:
Change Dir: /home2/silogood/alexa/AVS/build/CMakeFiles/CMakeTmp

Run Build Command:"/usr/bin/make" "cmTC_6c65c/fast"
/usr/bin/make -f CMakeFiles/cmTC_6c65c.dir/build.make CMakeFiles/cmTC_6c65c.dir/build
make[1]: Entering directory '/home2/silogood/alexa/AVS/build/CMakeFiles/CMakeTmp'
Building CXX object CMakeFiles/cmTC_6c65c.dir/testCXXCompiler.cxx.o
/home1/silogood/Android/ndk/ndk-bundle/android-ndk-r22/toolchains/llvm/prebuilt/linux-x86_64/bin/clang++  --target=armv7-none-linux-androideabi29 --gcc-toolchain=/home1/silogood/Android/ndk/ndk-bundle/android-ndk-r22/toolchains/llvm/prebuilt/linux-x86_64 --sysroot=/home1/silogood/Android/ndk/ndk-bundle/android-ndk-r22/toolchains/llvm/prebuilt/linux-x86_64/sysroot    -g -DANDROID -fdata-sections -ffunction-sections -funwind-tables -fstack-protector-strong -no-canonical-prefixes -D_FORTIFY_SOURCE=2 -march=armv7-a -mthumb -mfpu=vfpv3-d16 -Wformat -Werror=format-security -frtti -fexceptions -I/home2/silogood/alexa/AVS/Libraries/libarchive/contrib/android/include  -fPIE   -o CMakeFiles/cmTC_6c65c.dir/testCXXCompiler.cxx.o -c /home2/silogood/alexa/AVS/build/CMakeFiles/CMakeTmp/testCXXCompiler.cxx
Linking CXX executable cmTC_6c65c
/usr/bin/cmake -E cmake_link_script CMakeFiles/cmTC_6c65c.dir/link.txt --verbose=1
/home1/silogood/Android/ndk/ndk-bundle/android-ndk-r22/toolchains/llvm/prebuilt/linux-x86_64/bin/clang++  --target=armv7-none-linux-androideabi29 --gcc-toolchain=/home1/silogood/Android/ndk/ndk-bundle/android-ndk-r22/toolchains/llvm/prebuilt/linux-x86_64 --sysroot=/home1/silogood/Android/ndk/ndk-bundle/android-ndk-r22/toolchains/llvm/prebuilt/linux-x86_64/sysroot  -g -DANDROID -fdata-sections -ffunction-sections -funwind-tables -fstack-protector-strong -no-canonical-prefixes -D_FORTIFY_SOURCE=2 -march=armv7-a -mthumb -mfpu=vfpv3-d16 -Wformat -Werror=format-security -frtti -fexceptions -I/home2/silogood/alexa/AVS/Libraries/libarchive/contrib/android/include   -Wl,--exclude-libs,libgcc.a -Wl,--exclude-libs,libgcc_real.a -Wl,--exclude-libs,libatomic.a -Wl,--build-id=sha1 -Wl,--fatal-warnings -Wl,--exclude-libs,libunwind.a -Wl,--no-undefined -Qunused-arguments -Wl,--gc-sections   CMakeFiles/cmTC_6c65c.dir/testCXXCompiler.cxx.o  -o cmTC_6c65c  -latomic -lm 
make[1]: Leaving directory '/home2/silogood/alexa/AVS/build/CMakeFiles/CMakeTmp'


Detecting CXX compiler ABI info compiled with the following output:
Change Dir: /home2/silogood/alexa/AVS/build/CMakeFiles/CMakeTmp

Run Build Command:"/usr/bin/make" "cmTC_9f3fa/fast"
/usr/bin/make -f CMakeFiles/cmTC_9f3fa.dir/build.make CMakeFiles/cmTC_9f3fa.dir/build
make[1]: Entering directory '/home2/silogood/alexa/AVS/build/CMakeFiles/CMakeTmp'
Building CXX object CMakeFiles/cmTC_9f3fa.dir/CMakeCXXCompilerABI.cpp.o
/home1/silogood/Android/ndk/ndk-bundle/android-ndk-r22/toolchains/llvm/prebuilt/linux-x86_64/bin/clang++  --target=armv7-none-linux-androideabi29 --gcc-toolchain=/home1/silogood/Android/ndk/ndk-bundle/android-ndk-r22/toolchains/llvm/prebuilt/linux-x86_64 --sysroot=/home1/silogood/Android/ndk/ndk-bundle/android-ndk-r22/toolchains/llvm/prebuilt/linux-x86_64/sysroot    -g -DANDROID -fdata-sections -ffunction-sections -funwind-tables -fstack-protector-strong -no-canonical-prefixes -D_FORTIFY_SOURCE=2 -march=armv7-a -mthumb -mfpu=vfpv3-d16 -Wformat -Werror=format-security -frtti -fexceptions -I/home2/silogood/alexa/AVS/Libraries/libarchive/contrib/android/include  -fPIE   -o CMakeFiles/cmTC_9f3fa.dir/CMakeCXXCompilerABI.cpp.o -c /usr/share/cmake-3.6/Modules/CMakeCXXCompilerABI.cpp
Linking CXX executable cmTC_9f3fa
/usr/bin/cmake -E cmake_link_script CMakeFiles/cmTC_9f3fa.dir/link.txt --verbose=1
/home1/silogood/Android/ndk/ndk-bundle/android-ndk-r22/toolchains/llvm/prebuilt/linux-x86_64/bin/clang++  --target=armv7-none-linux-androideabi29 --gcc-toolchain=/home1/silogood/Android/ndk/ndk-bundle/android-ndk-r22/toolchains/llvm/prebuilt/linux-x86_64 --sysroot=/home1/silogood/Android/ndk/ndk-bundle/android-ndk-r22/toolchains/llvm/prebuilt/linux-x86_64/sysroot  -g -DANDROID -fdata-sections -ffunction-sections -funwind-tables -fstack-protector-strong -no-canonical-prefixes -D_FORTIFY_SOURCE=2 -march=armv7-a -mthumb -mfpu=vfpv3-d16 -Wformat -Werror=format-security -frtti -fexceptions -I/home2/silogood/alexa/AVS/Libraries/libarchive/contrib/android/include   -Wl,--exclude-libs,libgcc.a -Wl,--exclude-libs,libgcc_real.a -Wl,--exclude-libs,libatomic.a -Wl,--build-id=sha1 -Wl,--fatal-warnings -Wl,--exclude-libs,libunwind.a -Wl,--no-undefined -Qunused-arguments -Wl,--gc-sections  -v CMakeFiles/cmTC_9f3fa.dir/CMakeCXXCompilerABI.cpp.o  -o cmTC_9f3fa   
Android (6875598, based on r399163b) clang version 11.0.5 (https://android.googlesource.com/toolchain/llvm-project 87f1315dfbea7c137aa2e6d362dbb457e388158d)
Target: armv7-none-linux-android29
Thread model: posix
InstalledDir: /home1/silogood/Android/ndk/ndk-bundle/android-ndk-r22/toolchains/llvm/prebuilt/linux-x86_64/bin
Found candidate GCC installation: /home1/silogood/Android/ndk/ndk-bundle/android-ndk-r22/toolchains/llvm/prebuilt/linux-x86_64/lib/gcc/arm-linux-androideabi/4.9.x
Selected GCC installation: /home1/silogood/Android/ndk/ndk-bundle/android-ndk-r22/toolchains/llvm/prebuilt/linux-x86_64/lib/gcc/arm-linux-androideabi/4.9.x
Candidate multilib: thumb;@mthumb
Candidate multilib: armv7-a;@march=armv7-a
Candidate multilib: armv7-a/thumb;@march=armv7-a@mthumb
Candidate multilib: .;
Selected multilib: armv7-a/thumb;@march=armv7-a@mthumb
 "/home1/silogood/Android/ndk/ndk-bundle/android-ndk-r22/toolchains/llvm/prebuilt/linux-x86_64/bin/ld" --sysroot=/home1/silogood/Android/ndk/ndk-bundle/android-ndk-r22/toolchains/llvm/prebuilt/linux-x86_64/sysroot -pie -z noexecstack -EL --warn-shared-textrel -z now -z relro -z max-page-size=4096 -X --hash-style=gnu --enable-new-dtags --eh-frame-hdr -m armelf_linux_eabi -dynamic-linker /system/bin/linker -o cmTC_9f3fa /home1/silogood/Android/ndk/ndk-bundle/android-ndk-r22/toolchains/llvm/prebuilt/linux-x86_64/sysroot/usr/lib/arm-linux-androideabi/29/crtbegin_dynamic.o -L/home1/silogood/Android/ndk/ndk-bundle/android-ndk-r22/toolchains/llvm/prebuilt/linux-x86_64/lib64/clang/11.0.5/lib/linux/arm -L/home1/silogood/Android/ndk/ndk-bundle/android-ndk-r22/toolchains/llvm/prebuilt/linux-x86_64/lib/gcc/arm-linux-androideabi/4.9.x/armv7-a/thumb -L/home1/silogood/Android/ndk/ndk-bundle/android-ndk-r22/toolchains/llvm/prebuilt/linux-x86_64/lib/gcc/arm-linux-androideabi/4.9.x/../../../../arm-linux-androideabi/lib/../lib/armv7-a/thumb -L/home1/silogood/Android/ndk/ndk-bundle/android-ndk-r22/toolchains/llvm/prebuilt/linux-x86_64/sysroot/usr/lib/arm-linux-androideabi/29 -L/home1/silogood/Android/ndk/ndk-bundle/android-ndk-r22/toolchains/llvm/prebuilt/linux-x86_64/sysroot/usr/lib/arm-linux-androideabi -L/home1/silogood/Android/ndk/ndk-bundle/android-ndk-r22/toolchains/llvm/prebuilt/linux-x86_64/sysroot/usr/lib/../lib -L/home1/silogood/Android/ndk/ndk-bundle/android-ndk-r22/toolchains/llvm/prebuilt/linux-x86_64/sysroot/usr/lib/arm-linux-androideabi/../../lib -L/home1/silogood/Android/ndk/ndk-bundle/android-ndk-r22/toolchains/llvm/prebuilt/linux-x86_64/lib/gcc/arm-linux-androideabi/4.9.x/../../../../arm-linux-androideabi/lib/armv7-a/thumb -L/home1/silogood/Android/ndk/ndk-bundle/android-ndk-r22/toolchains/llvm/prebuilt/linux-x86_64/sysroot/usr/lib --exclude-libs libgcc.a --exclude-libs libgcc_real.a --exclude-libs libatomic.a --build-id=sha1 --fatal-warnings --exclude-libs libunwind.a --no-undefined --gc-sections CMakeFiles/cmTC_9f3fa.dir/CMakeCXXCompilerABI.cpp.o -lc++ -lm -lgcc -ldl -lc -lgcc -ldl /home1/silogood/Android/ndk/ndk-bundle/android-ndk-r22/toolchains/llvm/prebuilt/linux-x86_64/sysroot/usr/lib/arm-linux-androideabi/29/crtend_android.o
make[1]: Leaving directory '/home2/silogood/alexa/AVS/build/CMakeFiles/CMakeTmp'


Parsed CXX implicit link information from above output:
  link line regex: [^( *|.*[/\])(CMAKE_LINKER-NOTFOUND|([^/\]+-)?ld|collect2)[^/\]*( |$)]
  ignore line: [Change Dir: /home2/silogood/alexa/AVS/build/CMakeFiles/CMakeTmp]
  ignore line: []
  ignore line: [Run Build Command:"/usr/bin/make" "cmTC_9f3fa/fast"]
  ignore line: [/usr/bin/make -f CMakeFiles/cmTC_9f3fa.dir/build.make CMakeFiles/cmTC_9f3fa.dir/build]
  ignore line: [make[1]: Entering directory '/home2/silogood/alexa/AVS/build/CMakeFiles/CMakeTmp']
  ignore line: [Building CXX object CMakeFiles/cmTC_9f3fa.dir/CMakeCXXCompilerABI.cpp.o]
  ignore line: [/home1/silogood/Android/ndk/ndk-bundle/android-ndk-r22/toolchains/llvm/prebuilt/linux-x86_64/bin/clang++  --target=armv7-none-linux-androideabi29 --gcc-toolchain=/home1/silogood/Android/ndk/ndk-bundle/android-ndk-r22/toolchains/llvm/prebuilt/linux-x86_64 --sysroot=/home1/silogood/Android/ndk/ndk-bundle/android-ndk-r22/toolchains/llvm/prebuilt/linux-x86_64/sysroot    -g -DANDROID -fdata-sections -ffunction-sections -funwind-tables -fstack-protector-strong -no-canonical-prefixes -D_FORTIFY_SOURCE=2 -march=armv7-a -mthumb -mfpu=vfpv3-d16 -Wformat -Werror=format-security -frtti -fexceptions -I/home2/silogood/alexa/AVS/Libraries/libarchive/contrib/android/include  -fPIE   -o CMakeFiles/cmTC_9f3fa.dir/CMakeCXXCompilerABI.cpp.o -c /usr/share/cmake-3.6/Modules/CMakeCXXCompilerABI.cpp]
  ignore line: [Linking CXX executable cmTC_9f3fa]
  ignore line: [/usr/bin/cmake -E cmake_link_script CMakeFiles/cmTC_9f3fa.dir/link.txt --verbose=1]
  ignore line: [/home1/silogood/Android/ndk/ndk-bundle/android-ndk-r22/toolchains/llvm/prebuilt/linux-x86_64/bin/clang++  --target=armv7-none-linux-androideabi29 --gcc-toolchain=/home1/silogood/Android/ndk/ndk-bundle/android-ndk-r22/toolchains/llvm/prebuilt/linux-x86_64 --sysroot=/home1/silogood/Android/ndk/ndk-bundle/android-ndk-r22/toolchains/llvm/prebuilt/linux-x86_64/sysroot  -g -DANDROID -fdata-sections -ffunction-sections -funwind-tables -fstack-protector-strong -no-canonical-prefixes -D_FORTIFY_SOURCE=2 -march=armv7-a -mthumb -mfpu=vfpv3-d16 -Wformat -Werror=format-security -frtti -fexceptions -I/home2/silogood/alexa/AVS/Libraries/libarchive/contrib/android/include   -Wl,--exclude-libs,libgcc.a -Wl,--exclude-libs,libgcc_real.a -Wl,--exclude-libs,libatomic.a -Wl,--build-id=sha1 -Wl,--fatal-warnings -Wl,--exclude-libs,libunwind.a -Wl,--no-undefined -Qunused-arguments -Wl,--gc-sections  -v CMakeFiles/cmTC_9f3fa.dir/CMakeCXXCompilerABI.cpp.o  -o cmTC_9f3fa   ]
  ignore line: [Android (6875598, based on r399163b) clang version 11.0.5 (https://android.googlesource.com/toolchain/llvm-project 87f1315dfbea7c137aa2e6d362dbb457e388158d)]
  ignore line: [Target: armv7-none-linux-android29]
  ignore line: [Thread model: posix]
  ignore line: [InstalledDir: /home1/silogood/Android/ndk/ndk-bundle/android-ndk-r22/toolchains/llvm/prebuilt/linux-x86_64/bin]
  ignore line: [Found candidate GCC installation: /home1/silogood/Android/ndk/ndk-bundle/android-ndk-r22/toolchains/llvm/prebuilt/linux-x86_64/lib/gcc/arm-linux-androideabi/4.9.x]
  ignore line: [Selected GCC installation: /home1/silogood/Android/ndk/ndk-bundle/android-ndk-r22/toolchains/llvm/prebuilt/linux-x86_64/lib/gcc/arm-linux-androideabi/4.9.x]
  ignore line: [Candidate multilib: thumb]
  ignore line: [@mthumb]
  ignore line: [Candidate multilib: armv7-a]
  ignore line: [@march=armv7-a]
  ignore line: [Candidate multilib: armv7-a/thumb]
  ignore line: [@march=armv7-a@mthumb]
  ignore line: [Candidate multilib: .]
  ignore line: []
  ignore line: [Selected multilib: armv7-a/thumb]
  ignore line: [@march=armv7-a@mthumb]
  link line: [ "/home1/silogood/Android/ndk/ndk-bundle/android-ndk-r22/toolchains/llvm/prebuilt/linux-x86_64/bin/ld" --sysroot=/home1/silogood/Android/ndk/ndk-bundle/android-ndk-r22/toolchains/llvm/prebuilt/linux-x86_64/sysroot -pie -z noexecstack -EL --warn-shared-textrel -z now -z relro -z max-page-size=4096 -X --hash-style=gnu --enable-new-dtags --eh-frame-hdr -m armelf_linux_eabi -dynamic-linker /system/bin/linker -o cmTC_9f3fa /home1/silogood/Android/ndk/ndk-bundle/android-ndk-r22/toolchains/llvm/prebuilt/linux-x86_64/sysroot/usr/lib/arm-linux-androideabi/29/crtbegin_dynamic.o -L/home1/silogood/Android/ndk/ndk-bundle/android-ndk-r22/toolchains/llvm/prebuilt/linux-x86_64/lib64/clang/11.0.5/lib/linux/arm -L/home1/silogood/Android/ndk/ndk-bundle/android-ndk-r22/toolchains/llvm/prebuilt/linux-x86_64/lib/gcc/arm-linux-androideabi/4.9.x/armv7-a/thumb -L/home1/silogood/Android/ndk/ndk-bundle/android-ndk-r22/toolchains/llvm/prebuilt/linux-x86_64/lib/gcc/arm-linux-androideabi/4.9.x/../../../../arm-linux-androideabi/lib/../lib/armv7-a/thumb -L/home1/silogood/Android/ndk/ndk-bundle/android-ndk-r22/toolchains/llvm/prebuilt/linux-x86_64/sysroot/usr/lib/arm-linux-androideabi/29 -L/home1/silogood/Android/ndk/ndk-bundle/android-ndk-r22/toolchains/llvm/prebuilt/linux-x86_64/sysroot/usr/lib/arm-linux-androideabi -L/home1/silogood/Android/ndk/ndk-bundle/android-ndk-r22/toolchains/llvm/prebuilt/linux-x86_64/sysroot/usr/lib/../lib -L/home1/silogood/Android/ndk/ndk-bundle/android-ndk-r22/toolchains/llvm/prebuilt/linux-x86_64/sysroot/usr/lib/arm-linux-androideabi/../../lib -L/home1/silogood/Android/ndk/ndk-bundle/android-ndk-r22/toolchains/llvm/prebuilt/linux-x86_64/lib/gcc/arm-linux-androideabi/4.9.x/../../../../arm-linux-androideabi/lib/armv7-a/thumb -L/home1/silogood/Android/ndk/ndk-bundle/android-ndk-r22/toolchains/llvm/prebuilt/linux-x86_64/sysroot/usr/lib --exclude-libs libgcc.a --exclude-libs libgcc_real.a --exclude-libs libatomic.a --build-id=sha1 --fatal-warnings --exclude-libs libunwind.a --no-undefined --gc-sections CMakeFiles/cmTC_9f3fa.dir/CMakeCXXCompilerABI.cpp.o -lc++ -lm -lgcc -ldl -lc -lgcc -ldl /home1/silogood/Android/ndk/ndk-bundle/android-ndk-r22/toolchains/llvm/prebuilt/linux-x86_64/sysroot/usr/lib/arm-linux-androideabi/29/crtend_android.o]
    arg [/home1/silogood/Android/ndk/ndk-bundle/android-ndk-r22/toolchains/llvm/prebuilt/linux-x86_64/bin/ld] ==> ignore
    arg [--sysroot=/home1/silogood/Android/ndk/ndk-bundle/android-ndk-r22/toolchains/llvm/prebuilt/linux-x86_64/sysroot] ==> ignore
    arg [-pie] ==> ignore
    arg [-znoexecstack] ==> ignore
    arg [-EL] ==> ignore
    arg [--warn-shared-textrel] ==> ignore
    arg [-znow] ==> ignore
    arg [-zrelro] ==> ignore
    arg [-zmax-page-size=4096] ==> ignore
    arg [-X] ==> ignore
    arg [--hash-style=gnu] ==> ignore
    arg [--enable-new-dtags] ==> ignore
    arg [--eh-frame-hdr] ==> ignore
    arg [-m] ==> ignore
    arg [armelf_linux_eabi] ==> ignore
    arg [-dynamic-linker] ==> ignore
    arg [/system/bin/linker] ==> ignore
    arg [-o] ==> ignore
    arg [cmTC_9f3fa] ==> ignore
    arg [/home1/silogood/Android/ndk/ndk-bundle/android-ndk-r22/toolchains/llvm/prebuilt/linux-x86_64/sysroot/usr/lib/arm-linux-androideabi/29/crtbegin_dynamic.o] ==> ignore
    arg [-L/home1/silogood/Android/ndk/ndk-bundle/android-ndk-r22/toolchains/llvm/prebuilt/linux-x86_64/lib64/clang/11.0.5/lib/linux/arm] ==> dir [/home1/silogood/Android/ndk/ndk-bundle/android-ndk-r22/toolchains/llvm/prebuilt/linux-x86_64/lib64/clang/11.0.5/lib/linux/arm]
    arg [-L/home1/silogood/Android/ndk/ndk-bundle/android-ndk-r22/toolchains/llvm/prebuilt/linux-x86_64/lib/gcc/arm-linux-androideabi/4.9.x/armv7-a/thumb] ==> dir [/home1/silogood/Android/ndk/ndk-bundle/android-ndk-r22/toolchains/llvm/prebuilt/linux-x86_64/lib/gcc/arm-linux-androideabi/4.9.x/armv7-a/thumb]
    arg [-L/home1/silogood/Android/ndk/ndk-bundle/android-ndk-r22/toolchains/llvm/prebuilt/linux-x86_64/lib/gcc/arm-linux-androideabi/4.9.x/../../../../arm-linux-androideabi/lib/../lib/armv7-a/thumb] ==> dir [/home1/silogood/Android/ndk/ndk-bundle/android-ndk-r22/toolchains/llvm/prebuilt/linux-x86_64/lib/gcc/arm-linux-androideabi/4.9.x/../../../../arm-linux-androideabi/lib/../lib/armv7-a/thumb]
    arg [-L/home1/silogood/Android/ndk/ndk-bundle/android-ndk-r22/toolchains/llvm/prebuilt/linux-x86_64/sysroot/usr/lib/arm-linux-androideabi/29] ==> dir [/home1/silogood/Android/ndk/ndk-bundle/android-ndk-r22/toolchains/llvm/prebuilt/linux-x86_64/sysroot/usr/lib/arm-linux-androideabi/29]
    arg [-L/home1/silogood/Android/ndk/ndk-bundle/android-ndk-r22/toolchains/llvm/prebuilt/linux-x86_64/sysroot/usr/lib/arm-linux-androideabi] ==> dir [/home1/silogood/Android/ndk/ndk-bundle/android-ndk-r22/toolchains/llvm/prebuilt/linux-x86_64/sysroot/usr/lib/arm-linux-androideabi]
    arg [-L/home1/silogood/Android/ndk/ndk-bundle/android-ndk-r22/toolchains/llvm/prebuilt/linux-x86_64/sysroot/usr/lib/../lib] ==> dir [/home1/silogood/Android/ndk/ndk-bundle/android-ndk-r22/toolchains/llvm/prebuilt/linux-x86_64/sysroot/usr/lib/../lib]
    arg [-L/home1/silogood/Android/ndk/ndk-bundle/android-ndk-r22/toolchains/llvm/prebuilt/linux-x86_64/sysroot/usr/lib/arm-linux-androideabi/../../lib] ==> dir [/home1/silogood/Android/ndk/ndk-bundle/android-ndk-r22/toolchains/llvm/prebuilt/linux-x86_64/sysroot/usr/lib/arm-linux-androideabi/../../lib]
    arg [-L/home1/silogood/Android/ndk/ndk-bundle/android-ndk-r22/toolchains/llvm/prebuilt/linux-x86_64/lib/gcc/arm-linux-androideabi/4.9.x/../../../../arm-linux-androideabi/lib/armv7-a/thumb] ==> dir [/home1/silogood/Android/ndk/ndk-bundle/android-ndk-r22/toolchains/llvm/prebuilt/linux-x86_64/lib/gcc/arm-linux-androideabi/4.9.x/../../../../arm-linux-androideabi/lib/armv7-a/thumb]
    arg [-L/home1/silogood/Android/ndk/ndk-bundle/android-ndk-r22/toolchains/llvm/prebuilt/linux-x86_64/sysroot/usr/lib] ==> dir [/home1/silogood/Android/ndk/ndk-bundle/android-ndk-r22/toolchains/llvm/prebuilt/linux-x86_64/sysroot/usr/lib]
    arg [--exclude-libs] ==> ignore
    arg [libgcc.a] ==> ignore
    arg [--exclude-libs] ==> ignore
    arg [libgcc_real.a] ==> ignore
    arg [--exclude-libs] ==> ignore
    arg [libatomic.a] ==> ignore
    arg [--build-id=sha1] ==> ignore
    arg [--fatal-warnings] ==> ignore
    arg [--exclude-libs] ==> ignore
    arg [libunwind.a] ==> ignore
    arg [--no-undefined] ==> ignore
    arg [--gc-sections] ==> ignore
    arg [CMakeFiles/cmTC_9f3fa.dir/CMakeCXXCompilerABI.cpp.o] ==> ignore
    arg [-lc++] ==> lib [c++]
    arg [-lm] ==> lib [m]
    arg [-lgcc] ==> lib [gcc]
    arg [-ldl] ==> lib [dl]
    arg [-lc] ==> lib [c]
    arg [-lgcc] ==> lib [gcc]
    arg [-ldl] ==> lib [dl]
    arg [/home1/silogood/Android/ndk/ndk-bundle/android-ndk-r22/toolchains/llvm/prebuilt/linux-x86_64/sysroot/usr/lib/arm-linux-androideabi/29/crtend_android.o] ==> ignore
  remove lib [gcc]
  remove lib [gcc]
  collapse library dir [/home1/silogood/Android/ndk/ndk-bundle/android-ndk-r22/toolchains/llvm/prebuilt/linux-x86_64/lib64/clang/11.0.5/lib/linux/arm] ==> [/home1/silogood/Android/ndk/ndk-bundle/android-ndk-r22/toolchains/llvm/prebuilt/linux-x86_64/lib64/clang/11.0.5/lib/linux/arm]
  collapse library dir [/home1/silogood/Android/ndk/ndk-bundle/android-ndk-r22/toolchains/llvm/prebuilt/linux-x86_64/lib/gcc/arm-linux-androideabi/4.9.x/armv7-a/thumb] ==> [/home1/silogood/Android/ndk/ndk-bundle/android-ndk-r22/toolchains/llvm/prebuilt/linux-x86_64/lib/gcc/arm-linux-androideabi/4.9.x/armv7-a/thumb]
  collapse library dir [/home1/silogood/Android/ndk/ndk-bundle/android-ndk-r22/toolchains/llvm/prebuilt/linux-x86_64/lib/gcc/arm-linux-androideabi/4.9.x/../../../../arm-linux-androideabi/lib/../lib/armv7-a/thumb] ==> [/home1/silogood/Android/ndk/ndk-bundle/android-ndk-r22/toolchains/llvm/prebuilt/linux-x86_64/arm-linux-androideabi/lib/armv7-a/thumb]
  collapse library dir [/home1/silogood/Android/ndk/ndk-bundle/android-ndk-r22/toolchains/llvm/prebuilt/linux-x86_64/sysroot/usr/lib/arm-linux-androideabi/29] ==> [/home1/silogood/Android/ndk/ndk-bundle/android-ndk-r22/toolchains/llvm/prebuilt/linux-x86_64/sysroot/usr/lib/arm-linux-androideabi/29]
  collapse library dir [/home1/silogood/Android/ndk/ndk-bundle/android-ndk-r22/toolchains/llvm/prebuilt/linux-x86_64/sysroot/usr/lib/arm-linux-androideabi] ==> [/home1/silogood/Android/ndk/ndk-bundle/android-ndk-r22/toolchains/llvm/prebuilt/linux-x86_64/sysroot/usr/lib/arm-linux-androideabi]
  collapse library dir [/home1/silogood/Android/ndk/ndk-bundle/android-ndk-r22/toolchains/llvm/prebuilt/linux-x86_64/sysroot/usr/lib/../lib] ==> [/home1/silogood/Android/ndk/ndk-bundle/android-ndk-r22/toolchains/llvm/prebuilt/linux-x86_64/sysroot/usr/lib]
  collapse library dir [/home1/silogood/Android/ndk/ndk-bundle/android-ndk-r22/toolchains/llvm/prebuilt/linux-x86_64/sysroot/usr/lib/arm-linux-androideabi/../../lib] ==> [/home1/silogood/Android/ndk/ndk-bundle/android-ndk-r22/toolchains/llvm/prebuilt/linux-x86_64/sysroot/usr/lib]
  collapse library dir [/home1/silogood/Android/ndk/ndk-bundle/android-ndk-r22/toolchains/llvm/prebuilt/linux-x86_64/lib/gcc/arm-linux-androideabi/4.9.x/../../../../arm-linux-androideabi/lib/armv7-a/thumb] ==> [/home1/silogood/Android/ndk/ndk-bundle/android-ndk-r22/toolchains/llvm/prebuilt/linux-x86_64/arm-linux-androideabi/lib/armv7-a/thumb]
  collapse library dir [/home1/silogood/Android/ndk/ndk-bundle/android-ndk-r22/toolchains/llvm/prebuilt/linux-x86_64/sysroot/usr/lib] ==> [/home1/silogood/Android/ndk/ndk-bundle/android-ndk-r22/toolchains/llvm/prebuilt/linux-x86_64/sysroot/usr/lib]
  implicit libs: [c++;m;dl;c;dl]
  implicit dirs: [/home1/silogood/Android/ndk/ndk-bundle/android-ndk-r22/toolchains/llvm/prebuilt/linux-x86_64/lib64/clang/11.0.5/lib/linux/arm;/home1/silogood/Android/ndk/ndk-bundle/android-ndk-r22/toolchains/llvm/prebuilt/linux-x86_64/lib/gcc/arm-linux-androideabi/4.9.x/armv7-a/thumb;/home1/silogood/Android/ndk/ndk-bundle/android-ndk-r22/toolchains/llvm/prebuilt/linux-x86_64/arm-linux-androideabi/lib/armv7-a/thumb;/home1/silogood/Android/ndk/ndk-bundle/android-ndk-r22/toolchains/llvm/prebuilt/linux-x86_64/sysroot/usr/lib/arm-linux-androideabi/29;/home1/silogood/Android/ndk/ndk-bundle/android-ndk-r22/toolchains/llvm/prebuilt/linux-x86_64/sysroot/usr/lib/arm-linux-androideabi;/home1/silogood/Android/ndk/ndk-bundle/android-ndk-r22/toolchains/llvm/prebuilt/linux-x86_64/sysroot/usr/lib]
  implicit fwks: []




Detecting CXX [-std=c++14] compiler features compiled with the following output:
Change Dir: /home2/silogood/alexa/AVS/build/CMakeFiles/CMakeTmp

Run Build Command:"/usr/bin/make" "cmTC_74189/fast"
/usr/bin/make -f CMakeFiles/cmTC_74189.dir/build.make CMakeFiles/cmTC_74189.dir/build
make[1]: Entering directory '/home2/silogood/alexa/AVS/build/CMakeFiles/CMakeTmp'
Building CXX object CMakeFiles/cmTC_74189.dir/feature_tests.cxx.o
/home1/silogood/Android/ndk/ndk-bundle/android-ndk-r22/toolchains/llvm/prebuilt/linux-x86_64/bin/clang++  --target=armv7-none-linux-androideabi29 --gcc-toolchain=/home1/silogood/Android/ndk/ndk-bundle/android-ndk-r22/toolchains/llvm/prebuilt/linux-x86_64 --sysroot=/home1/silogood/Android/ndk/ndk-bundle/android-ndk-r22/toolchains/llvm/prebuilt/linux-x86_64/sysroot    -g -DANDROID -fdata-sections -ffunction-sections -funwind-tables -fstack-protector-strong -no-canonical-prefixes -D_FORTIFY_SOURCE=2 -march=armv7-a -mthumb -mfpu=vfpv3-d16 -Wformat -Werror=format-security -frtti -fexceptions -I/home2/silogood/alexa/AVS/Libraries/libarchive/contrib/android/include  -fPIE   -std=c++14 -o CMakeFiles/cmTC_74189.dir/feature_tests.cxx.o -c /home2/silogood/alexa/AVS/build/CMakeFiles/feature_tests.cxx
Linking CXX executable cmTC_74189
/usr/bin/cmake -E cmake_link_script CMakeFiles/cmTC_74189.dir/link.txt --verbose=1
/home1/silogood/Android/ndk/ndk-bundle/android-ndk-r22/toolchains/llvm/prebuilt/linux-x86_64/bin/clang++  --target=armv7-none-linux-androideabi29 --gcc-toolchain=/home1/silogood/Android/ndk/ndk-bundle/android-ndk-r22/toolchains/llvm/prebuilt/linux-x86_64 --sysroot=/home1/silogood/Android/ndk/ndk-bundle/android-ndk-r22/toolchains/llvm/prebuilt/linux-x86_64/sysroot  -g -DANDROID -fdata-sections -ffunction-sections -funwind-tables -fstack-protector-strong -no-canonical-prefixes -D_FORTIFY_SOURCE=2 -march=armv7-a -mthumb -mfpu=vfpv3-d16 -Wformat -Werror=format-security -frtti -fexceptions -I/home2/silogood/alexa/AVS/Libraries/libarchive/contrib/android/include   -Wl,--exclude-libs,libgcc.a -Wl,--exclude-libs,libgcc_real.a -Wl,--exclude-libs,libatomic.a -Wl,--build-id=sha1 -Wl,--fatal-warnings -Wl,--exclude-libs,libunwind.a -Wl,--no-undefined -Qunused-arguments -Wl,--gc-sections   CMakeFiles/cmTC_74189.dir/feature_tests.cxx.o  -o cmTC_74189  -latomic -lm 
make[1]: Leaving directory '/home2/silogood/alexa/AVS/build/CMakeFiles/CMakeTmp'


    Feature record: CXX_FEATURE:1cxx_aggregate_default_initializers
    Feature record: CXX_FEATURE:1cxx_alias_templates
    Feature record: CXX_FEATURE:1cxx_alignas
    Feature record: CXX_FEATURE:1cxx_alignof
    Feature record: CXX_FEATURE:1cxx_attributes
    Feature record: CXX_FEATURE:1cxx_attribute_deprecated
    Feature record: CXX_FEATURE:1cxx_auto_type
    Feature record: CXX_FEATURE:1cxx_binary_literals
    Feature record: CXX_FEATURE:1cxx_constexpr
    Feature record: CXX_FEATURE:1cxx_contextual_conversions
    Feature record: CXX_FEATURE:1cxx_decltype
    Feature record: CXX_FEATURE:1cxx_decltype_auto
    Feature record: CXX_FEATURE:1cxx_decltype_incomplete_return_types
    Feature record: CXX_FEATURE:1cxx_default_function_template_args
    Feature record: CXX_FEATURE:1cxx_defaulted_functions
    Feature record: CXX_FEATURE:1cxx_defaulted_move_initializers
    Feature record: CXX_FEATURE:1cxx_delegating_constructors
    Feature record: CXX_FEATURE:1cxx_deleted_functions
    Feature record: CXX_FEATURE:1cxx_digit_separators
    Feature record: CXX_FEATURE:1cxx_enum_forward_declarations
    Feature record: CXX_FEATURE:1cxx_explicit_conversions
    Feature record: CXX_FEATURE:1cxx_extended_friend_declarations
    Feature record: CXX_FEATURE:1cxx_extern_templates
    Feature record: CXX_FEATURE:1cxx_final
    Feature record: CXX_FEATURE:1cxx_func_identifier
    Feature record: CXX_FEATURE:1cxx_generalized_initializers
    Feature record: CXX_FEATURE:1cxx_generic_lambdas
    Feature record: CXX_FEATURE:1cxx_inheriting_constructors
    Feature record: CXX_FEATURE:1cxx_inline_namespaces
    Feature record: CXX_FEATURE:1cxx_lambdas
    Feature record: CXX_FEATURE:1cxx_lambda_init_captures
    Feature record: CXX_FEATURE:1cxx_local_type_template_args
    Feature record: CXX_FEATURE:1cxx_long_long_type
    Feature record: CXX_FEATURE:1cxx_noexcept
    Feature record: CXX_FEATURE:1cxx_nonstatic_member_init
    Feature record: CXX_FEATURE:1cxx_nullptr
    Feature record: CXX_FEATURE:1cxx_override
    Feature record: CXX_FEATURE:1cxx_range_for
    Feature record: CXX_FEATURE:1cxx_raw_string_literals
    Feature record: CXX_FEATURE:1cxx_reference_qualified_functions
    Feature record: CXX_FEATURE:1cxx_relaxed_constexpr
    Feature record: CXX_FEATURE:1cxx_return_type_deduction
    Feature record: CXX_FEATURE:1cxx_right_angle_brackets
    Feature record: CXX_FEATURE:1cxx_rvalue_references
    Feature record: CXX_FEATURE:1cxx_sizeof_member
    Feature record: CXX_FEATURE:1cxx_static_assert
    Feature record: CXX_FEATURE:1cxx_strong_enums
    Feature record: CXX_FEATURE:1cxx_template_template_parameters
    Feature record: CXX_FEATURE:1cxx_thread_local
    Feature record: CXX_FEATURE:1cxx_trailing_return_types
    Feature record: CXX_FEATURE:1cxx_unicode_literals
    Feature record: CXX_FEATURE:1cxx_uniform_initialization
    Feature record: CXX_FEATURE:1cxx_unrestricted_unions
    Feature record: CXX_FEATURE:1cxx_user_literals
    Feature record: CXX_FEATURE:1cxx_variable_templates
    Feature record: CXX_FEATURE:1cxx_variadic_macros
    Feature record: CXX_FEATURE:1cxx_variadic_templates


Detecting CXX [-std=c++11] compiler features compiled with the following output:
Change Dir: /home2/silogood/alexa/AVS/build/CMakeFiles/CMakeTmp

Run Build Command:"/usr/bin/make" "cmTC_cee4c/fast"
/usr/bin/make -f CMakeFiles/cmTC_cee4c.dir/build.make CMakeFiles/cmTC_cee4c.dir/build
make[1]: Entering directory '/home2/silogood/alexa/AVS/build/CMakeFiles/CMakeTmp'
Building CXX object CMakeFiles/cmTC_cee4c.dir/feature_tests.cxx.o
/home1/silogood/Android/ndk/ndk-bundle/android-ndk-r22/toolchains/llvm/prebuilt/linux-x86_64/bin/clang++  --target=armv7-none-linux-androideabi29 --gcc-toolchain=/home1/silogood/Android/ndk/ndk-bundle/android-ndk-r22/toolchains/llvm/prebuilt/linux-x86_64 --sysroot=/home1/silogood/Android/ndk/ndk-bundle/android-ndk-r22/toolchains/llvm/prebuilt/linux-x86_64/sysroot    -g -DANDROID -fdata-sections -ffunction-sections -funwind-tables -fstack-protector-strong -no-canonical-prefixes -D_FORTIFY_SOURCE=2 -march=armv7-a -mthumb -mfpu=vfpv3-d16 -Wformat -Werror=format-security -frtti -fexceptions -I/home2/silogood/alexa/AVS/Libraries/libarchive/contrib/android/include  -fPIE   -std=c++11 -o CMakeFiles/cmTC_cee4c.dir/feature_tests.cxx.o -c /home2/silogood/alexa/AVS/build/CMakeFiles/feature_tests.cxx
Linking CXX executable cmTC_cee4c
/usr/bin/cmake -E cmake_link_script CMakeFiles/cmTC_cee4c.dir/link.txt --verbose=1
/home1/silogood/Android/ndk/ndk-bundle/android-ndk-r22/toolchains/llvm/prebuilt/linux-x86_64/bin/clang++  --target=armv7-none-linux-androideabi29 --gcc-toolchain=/home1/silogood/Android/ndk/ndk-bundle/android-ndk-r22/toolchains/llvm/prebuilt/linux-x86_64 --sysroot=/home1/silogood/Android/ndk/ndk-bundle/android-ndk-r22/toolchains/llvm/prebuilt/linux-x86_64/sysroot  -g -DANDROID -fdata-sections -ffunction-sections -funwind-tables -fstack-protector-strong -no-canonical-prefixes -D_FORTIFY_SOURCE=2 -march=armv7-a -mthumb -mfpu=vfpv3-d16 -Wformat -Werror=format-security -frtti -fexceptions -I/home2/silogood/alexa/AVS/Libraries/libarchive/contrib/android/include   -Wl,--exclude-libs,libgcc.a -Wl,--exclude-libs,libgcc_real.a -Wl,--exclude-libs,libatomic.a -Wl,--build-id=sha1 -Wl,--fatal-warnings -Wl,--exclude-libs,libunwind.a -Wl,--no-undefined -Qunused-arguments -Wl,--gc-sections   CMakeFiles/cmTC_cee4c.dir/feature_tests.cxx.o  -o cmTC_cee4c  -latomic -lm 
make[1]: Leaving directory '/home2/silogood/alexa/AVS/build/CMakeFiles/CMakeTmp'


    Feature record: CXX_FEATURE:0cxx_aggregate_default_initializers
    Feature record: CXX_FEATURE:1cxx_alias_templates
    Feature record: CXX_FEATURE:1cxx_alignas
    Feature record: CXX_FEATURE:1cxx_alignof
    Feature record: CXX_FEATURE:1cxx_attributes
    Feature record: CXX_FEATURE:0cxx_attribute_deprecated
    Feature record: CXX_FEATURE:1cxx_auto_type
    Feature record: CXX_FEATURE:0cxx_binary_literals
    Feature record: CXX_FEATURE:1cxx_constexpr
    Feature record: CXX_FEATURE:0cxx_contextual_conversions
    Feature record: CXX_FEATURE:1cxx_decltype
    Feature record: CXX_FEATURE:0cxx_decltype_auto
    Feature record: CXX_FEATURE:1cxx_decltype_incomplete_return_types
    Feature record: CXX_FEATURE:1cxx_default_function_template_args
    Feature record: CXX_FEATURE:1cxx_defaulted_functions
    Feature record: CXX_FEATURE:1cxx_defaulted_move_initializers
    Feature record: CXX_FEATURE:1cxx_delegating_constructors
    Feature record: CXX_FEATURE:1cxx_deleted_functions
    Feature record: CXX_FEATURE:0cxx_digit_separators
    Feature record: CXX_FEATURE:1cxx_enum_forward_declarations
    Feature record: CXX_FEATURE:1cxx_explicit_conversions
    Feature record: CXX_FEATURE:1cxx_extended_friend_declarations
    Feature record: CXX_FEATURE:1cxx_extern_templates
    Feature record: CXX_FEATURE:1cxx_final
    Feature record: CXX_FEATURE:1cxx_func_identifier
    Feature record: CXX_FEATURE:1cxx_generalized_initializers
    Feature record: CXX_FEATURE:0cxx_generic_lambdas
    Feature record: CXX_FEATURE:1cxx_inheriting_constructors
    Feature record: CXX_FEATURE:1cxx_inline_namespaces
    Feature record: CXX_FEATURE:1cxx_lambdas
    Feature record: CXX_FEATURE:0cxx_lambda_init_captures
    Feature record: CXX_FEATURE:1cxx_local_type_template_args
    Feature record: CXX_FEATURE:1cxx_long_long_type
    Feature record: CXX_FEATURE:1cxx_noexcept
    Feature record: CXX_FEATURE:1cxx_nonstatic_member_init
    Feature record: CXX_FEATURE:1cxx_nullptr
    Feature record: CXX_FEATURE:1cxx_override
    Feature record: CXX_FEATURE:1cxx_range_for
    Feature record: CXX_FEATURE:1cxx_raw_string_literals
    Feature record: CXX_FEATURE:1cxx_reference_qualified_functions
    Feature record: CXX_FEATURE:0cxx_relaxed_constexpr
    Feature record: CXX_FEATURE:0cxx_return_type_deduction
    Feature record: CXX_FEATURE:1cxx_right_angle_brackets
    Feature record: CXX_FEATURE:1cxx_rvalue_references
    Feature record: CXX_FEATURE:1cxx_sizeof_member
    Feature record: CXX_FEATURE:1cxx_static_assert
    Feature record: CXX_FEATURE:1cxx_strong_enums
    Feature record: CXX_FEATURE:1cxx_template_template_parameters
    Feature record: CXX_FEATURE:1cxx_thread_local
    Feature record: CXX_FEATURE:1cxx_trailing_return_types
    Feature record: CXX_FEATURE:1cxx_unicode_literals
    Feature record: CXX_FEATURE:1cxx_uniform_initialization
    Feature record: CXX_FEATURE:1cxx_unrestricted_unions
    Feature record: CXX_FEATURE:1cxx_user_literals
    Feature record: CXX_FEATURE:0cxx_variable_templates
    Feature record: CXX_FEATURE:1cxx_variadic_macros
    Feature record: CXX_FEATURE:1cxx_variadic_templates


Detecting CXX [-std=c++98] compiler features compiled with the following output:
Change Dir: /home2/silogood/alexa/AVS/build/CMakeFiles/CMakeTmp

Run Build Command:"/usr/bin/make" "cmTC_fda56/fast"
/usr/bin/make -f CMakeFiles/cmTC_fda56.dir/build.make CMakeFiles/cmTC_fda56.dir/build
make[1]: Entering directory '/home2/silogood/alexa/AVS/build/CMakeFiles/CMakeTmp'
Building CXX object CMakeFiles/cmTC_fda56.dir/feature_tests.cxx.o
/home1/silogood/Android/ndk/ndk-bundle/android-ndk-r22/toolchains/llvm/prebuilt/linux-x86_64/bin/clang++  --target=armv7-none-linux-androideabi29 --gcc-toolchain=/home1/silogood/Android/ndk/ndk-bundle/android-ndk-r22/toolchains/llvm/prebuilt/linux-x86_64 --sysroot=/home1/silogood/Android/ndk/ndk-bundle/android-ndk-r22/toolchains/llvm/prebuilt/linux-x86_64/sysroot    -g -DANDROID -fdata-sections -ffunction-sections -funwind-tables -fstack-protector-strong -no-canonical-prefixes -D_FORTIFY_SOURCE=2 -march=armv7-a -mthumb -mfpu=vfpv3-d16 -Wformat -Werror=format-security -frtti -fexceptions -I/home2/silogood/alexa/AVS/Libraries/libarchive/contrib/android/include  -fPIE   -std=c++98 -o CMakeFiles/cmTC_fda56.dir/feature_tests.cxx.o -c /home2/silogood/alexa/AVS/build/CMakeFiles/feature_tests.cxx
Linking CXX executable cmTC_fda56
/usr/bin/cmake -E cmake_link_script CMakeFiles/cmTC_fda56.dir/link.txt --verbose=1
/home1/silogood/Android/ndk/ndk-bundle/android-ndk-r22/toolchains/llvm/prebuilt/linux-x86_64/bin/clang++  --target=armv7-none-linux-androideabi29 --gcc-toolchain=/home1/silogood/Android/ndk/ndk-bundle/android-ndk-r22/toolchains/llvm/prebuilt/linux-x86_64 --sysroot=/home1/silogood/Android/ndk/ndk-bundle/android-ndk-r22/toolchains/llvm/prebuilt/linux-x86_64/sysroot  -g -DANDROID -fdata-sections -ffunction-sections -funwind-tables -fstack-protector-strong -no-canonical-prefixes -D_FORTIFY_SOURCE=2 -march=armv7-a -mthumb -mfpu=vfpv3-d16 -Wformat -Werror=format-security -frtti -fexceptions -I/home2/silogood/alexa/AVS/Libraries/libarchive/contrib/android/include   -Wl,--exclude-libs,libgcc.a -Wl,--exclude-libs,libgcc_real.a -Wl,--exclude-libs,libatomic.a -Wl,--build-id=sha1 -Wl,--fatal-warnings -Wl,--exclude-libs,libunwind.a -Wl,--no-undefined -Qunused-arguments -Wl,--gc-sections   CMakeFiles/cmTC_fda56.dir/feature_tests.cxx.o  -o cmTC_fda56  -latomic -lm 
make[1]: Leaving directory '/home2/silogood/alexa/AVS/build/CMakeFiles/CMakeTmp'


    Feature record: CXX_FEATURE:0cxx_aggregate_default_initializers
    Feature record: CXX_FEATURE:0cxx_alias_templates
    Feature record: CXX_FEATURE:0cxx_alignas
    Feature record: CXX_FEATURE:0cxx_alignof
    Feature record: CXX_FEATURE:0cxx_attributes
    Feature record: CXX_FEATURE:0cxx_attribute_deprecated
    Feature record: CXX_FEATURE:0cxx_auto_type
    Feature record: CXX_FEATURE:0cxx_binary_literals
    Feature record: CXX_FEATURE:0cxx_constexpr
    Feature record: CXX_FEATURE:0cxx_contextual_conversions
    Feature record: CXX_FEATURE:0cxx_decltype
    Feature record: CXX_FEATURE:0cxx_decltype_auto
    Feature record: CXX_FEATURE:0cxx_decltype_incomplete_return_types
    Feature record: CXX_FEATURE:0cxx_default_function_template_args
    Feature record: CXX_FEATURE:0cxx_defaulted_functions
    Feature record: CXX_FEATURE:0cxx_defaulted_move_initializers
    Feature record: CXX_FEATURE:0cxx_delegating_constructors
    Feature record: CXX_FEATURE:0cxx_deleted_functions
    Feature record: CXX_FEATURE:0cxx_digit_separators
    Feature record: CXX_FEATURE:0cxx_enum_forward_declarations
    Feature record: CXX_FEATURE:0cxx_explicit_conversions
    Feature record: CXX_FEATURE:0cxx_extended_friend_declarations
    Feature record: CXX_FEATURE:0cxx_extern_templates
    Feature record: CXX_FEATURE:0cxx_final
    Feature record: CXX_FEATURE:0cxx_func_identifier
    Feature record: CXX_FEATURE:0cxx_generalized_initializers
    Feature record: CXX_FEATURE:0cxx_generic_lambdas
    Feature record: CXX_FEATURE:0cxx_inheriting_constructors
    Feature record: CXX_FEATURE:0cxx_inline_namespaces
    Feature record: CXX_FEATURE:0cxx_lambdas
    Feature record: CXX_FEATURE:0cxx_lambda_init_captures
    Feature record: CXX_FEATURE:0cxx_local_type_template_args
    Feature record: CXX_FEATURE:0cxx_long_long_type
    Feature record: CXX_FEATURE:0cxx_noexcept
    Feature record: CXX_FEATURE:0cxx_nonstatic_member_init
    Feature record: CXX_FEATURE:0cxx_nullptr
    Feature record: CXX_FEATURE:0cxx_override
    Feature record: CXX_FEATURE:0cxx_range_for
    Feature record: CXX_FEATURE:0cxx_raw_string_literals
    Feature record: CXX_FEATURE:0cxx_reference_qualified_functions
    Feature record: CXX_FEATURE:0cxx_relaxed_constexpr
    Feature record: CXX_FEATURE:0cxx_return_type_deduction
    Feature record: CXX_FEATURE:0cxx_right_angle_brackets
    Feature record: CXX_FEATURE:0cxx_rvalue_references
    Feature record: CXX_FEATURE:0cxx_sizeof_member
    Feature record: CXX_FEATURE:0cxx_static_assert
    Feature record: CXX_FEATURE:0cxx_strong_enums
    Feature record: CXX_FEATURE:1cxx_template_template_parameters
    Feature record: CXX_FEATURE:0cxx_thread_local
    Feature record: CXX_FEATURE:0cxx_trailing_return_types
    Feature record: CXX_FEATURE:0cxx_unicode_literals
    Feature record: CXX_FEATURE:0cxx_uniform_initialization
    Feature record: CXX_FEATURE:0cxx_unrestricted_unions
    Feature record: CXX_FEATURE:0cxx_user_literals
    Feature record: CXX_FEATURE:0cxx_variable_templates
    Feature record: CXX_FEATURE:0cxx_variadic_macros
    Feature record: CXX_FEATURE:0cxx_variadic_templates
Determining if the C compiler works passed with the following output:
Change Dir: /home2/silogood/alexa/AVS/build/CMakeFiles/CMakeTmp

Run Build Command:"/usr/bin/make" "cmTC_c4b83/fast"
/usr/bin/make -f CMakeFiles/cmTC_c4b83.dir/build.make CMakeFiles/cmTC_c4b83.dir/build
make[1]: Entering directory '/home2/silogood/alexa/AVS/build/CMakeFiles/CMakeTmp'
Building C object CMakeFiles/cmTC_c4b83.dir/testCCompiler.c.o
/home1/silogood/Android/ndk/ndk-bundle/android-ndk-r22/toolchains/llvm/prebuilt/linux-x86_64/bin/clang  --target=armv7-none-linux-androideabi29 --gcc-toolchain=/home1/silogood/Android/ndk/ndk-bundle/android-ndk-r22/toolchains/llvm/prebuilt/linux-x86_64 --sysroot=/home1/silogood/Android/ndk/ndk-bundle/android-ndk-r22/toolchains/llvm/prebuilt/linux-x86_64/sysroot   -g -DANDROID -fdata-sections -ffunction-sections -funwind-tables -fstack-protector-strong -no-canonical-prefixes -D_FORTIFY_SOURCE=2 -march=armv7-a -mthumb -mfpu=vfpv3-d16 -Wformat -Werror=format-security   -fPIE   -o CMakeFiles/cmTC_c4b83.dir/testCCompiler.c.o   -c /home2/silogood/alexa/AVS/build/CMakeFiles/CMakeTmp/testCCompiler.c
Linking C executable cmTC_c4b83
/usr/bin/cmake -E cmake_link_script CMakeFiles/cmTC_c4b83.dir/link.txt --verbose=1
/home1/silogood/Android/ndk/ndk-bundle/android-ndk-r22/toolchains/llvm/prebuilt/linux-x86_64/bin/clang  --target=armv7-none-linux-androideabi29 --gcc-toolchain=/home1/silogood/Android/ndk/ndk-bundle/android-ndk-r22/toolchains/llvm/prebuilt/linux-x86_64 --sysroot=/home1/silogood/Android/ndk/ndk-bundle/android-ndk-r22/toolchains/llvm/prebuilt/linux-x86_64/sysroot -g -DANDROID -fdata-sections -ffunction-sections -funwind-tables -fstack-protector-strong -no-canonical-prefixes -D_FORTIFY_SOURCE=2 -march=armv7-a -mthumb -mfpu=vfpv3-d16 -Wformat -Werror=format-security    -Wl,--exclude-libs,libgcc.a -Wl,--exclude-libs,libgcc_real.a -Wl,--exclude-libs,libatomic.a -Wl,--build-id=sha1 -Wl,--fatal-warnings -Wl,--exclude-libs,libunwind.a -Wl,--no-undefined -Qunused-arguments -Wl,--gc-sections   CMakeFiles/cmTC_c4b83.dir/testCCompiler.c.o  -o cmTC_c4b83  -latomic -lm 
make[1]: Leaving directory '/home2/silogood/alexa/AVS/build/CMakeFiles/CMakeTmp'


Detecting C compiler ABI info compiled with the following output:
Change Dir: /home2/silogood/alexa/AVS/build/CMakeFiles/CMakeTmp

Run Build Command:"/usr/bin/make" "cmTC_eb9ef/fast"
/usr/bin/make -f CMakeFiles/cmTC_eb9ef.dir/build.make CMakeFiles/cmTC_eb9ef.dir/build
make[1]: Entering directory '/home2/silogood/alexa/AVS/build/CMakeFiles/CMakeTmp'
Building C object CMakeFiles/cmTC_eb9ef.dir/CMakeCCompilerABI.c.o
/home1/silogood/Android/ndk/ndk-bundle/android-ndk-r22/toolchains/llvm/prebuilt/linux-x86_64/bin/clang  --target=armv7-none-linux-androideabi29 --gcc-toolchain=/home1/silogood/Android/ndk/ndk-bundle/android-ndk-r22/toolchains/llvm/prebuilt/linux-x86_64 --sysroot=/home1/silogood/Android/ndk/ndk-bundle/android-ndk-r22/toolchains/llvm/prebuilt/linux-x86_64/sysroot   -g -DANDROID -fdata-sections -ffunction-sections -funwind-tables -fstack-protector-strong -no-canonical-prefixes -D_FORTIFY_SOURCE=2 -march=armv7-a -mthumb -mfpu=vfpv3-d16 -Wformat -Werror=format-security   -fPIE   -o CMakeFiles/cmTC_eb9ef.dir/CMakeCCompilerABI.c.o   -c /usr/share/cmake-3.6/Modules/CMakeCCompilerABI.c
Linking C executable cmTC_eb9ef
/usr/bin/cmake -E cmake_link_script CMakeFiles/cmTC_eb9ef.dir/link.txt --verbose=1
/home1/silogood/Android/ndk/ndk-bundle/android-ndk-r22/toolchains/llvm/prebuilt/linux-x86_64/bin/clang  --target=armv7-none-linux-androideabi29 --gcc-toolchain=/home1/silogood/Android/ndk/ndk-bundle/android-ndk-r22/toolchains/llvm/prebuilt/linux-x86_64 --sysroot=/home1/silogood/Android/ndk/ndk-bundle/android-ndk-r22/toolchains/llvm/prebuilt/linux-x86_64/sysroot -g -DANDROID -fdata-sections -ffunction-sections -funwind-tables -fstack-protector-strong -no-canonical-prefixes -D_FORTIFY_SOURCE=2 -march=armv7-a -mthumb -mfpu=vfpv3-d16 -Wformat -Werror=format-security    -Wl,--exclude-libs,libgcc.a -Wl,--exclude-libs,libgcc_real.a -Wl,--exclude-libs,libatomic.a -Wl,--build-id=sha1 -Wl,--fatal-warnings -Wl,--exclude-libs,libunwind.a -Wl,--no-undefined -Qunused-arguments -Wl,--gc-sections  -v CMakeFiles/cmTC_eb9ef.dir/CMakeCCompilerABI.c.o  -o cmTC_eb9ef   
Android (6875598, based on r399163b) clang version 11.0.5 (https://android.googlesource.com/toolchain/llvm-project 87f1315dfbea7c137aa2e6d362dbb457e388158d)
Target: armv7-none-linux-android29
Thread model: posix
InstalledDir: /home1/silogood/Android/ndk/ndk-bundle/android-ndk-r22/toolchains/llvm/prebuilt/linux-x86_64/bin
Found candidate GCC installation: /home1/silogood/Android/ndk/ndk-bundle/android-ndk-r22/toolchains/llvm/prebuilt/linux-x86_64/lib/gcc/arm-linux-androideabi/4.9.x
Selected GCC installation: /home1/silogood/Android/ndk/ndk-bundle/android-ndk-r22/toolchains/llvm/prebuilt/linux-x86_64/lib/gcc/arm-linux-androideabi/4.9.x
Candidate multilib: thumb;@mthumb
Candidate multilib: armv7-a;@march=armv7-a
Candidate multilib: armv7-a/thumb;@march=armv7-a@mthumb
Candidate multilib: .;
Selected multilib: armv7-a/thumb;@march=armv7-a@mthumb
 "/home1/silogood/Android/ndk/ndk-bundle/android-ndk-r22/toolchains/llvm/prebuilt/linux-x86_64/bin/ld" --sysroot=/home1/silogood/Android/ndk/ndk-bundle/android-ndk-r22/toolchains/llvm/prebuilt/linux-x86_64/sysroot -pie -z noexecstack -EL --warn-shared-textrel -z now -z relro -z max-page-size=4096 -X --hash-style=gnu --enable-new-dtags --eh-frame-hdr -m armelf_linux_eabi -dynamic-linker /system/bin/linker -o cmTC_eb9ef /home1/silogood/Android/ndk/ndk-bundle/android-ndk-r22/toolchains/llvm/prebuilt/linux-x86_64/sysroot/usr/lib/arm-linux-androideabi/29/crtbegin_dynamic.o -L/home1/silogood/Android/ndk/ndk-bundle/android-ndk-r22/toolchains/llvm/prebuilt/linux-x86_64/lib64/clang/11.0.5/lib/linux/arm -L/home1/silogood/Android/ndk/ndk-bundle/android-ndk-r22/toolchains/llvm/prebuilt/linux-x86_64/lib/gcc/arm-linux-androideabi/4.9.x/armv7-a/thumb -L/home1/silogood/Android/ndk/ndk-bundle/android-ndk-r22/toolchains/llvm/prebuilt/linux-x86_64/lib/gcc/arm-linux-androideabi/4.9.x/../../../../arm-linux-androideabi/lib/../lib/armv7-a/thumb -L/home1/silogood/Android/ndk/ndk-bundle/android-ndk-r22/toolchains/llvm/prebuilt/linux-x86_64/sysroot/usr/lib/arm-linux-androideabi/29 -L/home1/silogood/Android/ndk/ndk-bundle/android-ndk-r22/toolchains/llvm/prebuilt/linux-x86_64/sysroot/usr/lib/arm-linux-androideabi -L/home1/silogood/Android/ndk/ndk-bundle/android-ndk-r22/toolchains/llvm/prebuilt/linux-x86_64/sysroot/usr/lib/../lib -L/home1/silogood/Android/ndk/ndk-bundle/android-ndk-r22/toolchains/llvm/prebuilt/linux-x86_64/sysroot/usr/lib/arm-linux-androideabi/../../lib -L/home1/silogood/Android/ndk/ndk-bundle/android-ndk-r22/toolchains/llvm/prebuilt/linux-x86_64/lib/gcc/arm-linux-androideabi/4.9.x/../../../../arm-linux-androideabi/lib/armv7-a/thumb -L/home1/silogood/Android/ndk/ndk-bundle/android-ndk-r22/toolchains/llvm/prebuilt/linux-x86_64/sysroot/usr/lib --exclude-libs libgcc.a --exclude-libs libgcc_real.a --exclude-libs libatomic.a --build-id=sha1 --fatal-warnings --exclude-libs libunwind.a --no-undefined --gc-sections CMakeFiles/cmTC_eb9ef.dir/CMakeCCompilerABI.c.o -lgcc -ldl -lc -lgcc -ldl /home1/silogood/Android/ndk/ndk-bundle/android-ndk-r22/toolchains/llvm/prebuilt/linux-x86_64/sysroot/usr/lib/arm-linux-androideabi/29/crtend_android.o
make[1]: Leaving directory '/home2/silogood/alexa/AVS/build/CMakeFiles/CMakeTmp'


Parsed C implicit link information from above output:
  link line regex: [^( *|.*[/\])(CMAKE_LINKER-NOTFOUND|([^/\]+-)?ld|collect2)[^/\]*( |$)]
  ignore line: [Change Dir: /home2/silogood/alexa/AVS/build/CMakeFiles/CMakeTmp]
  ignore line: []
  ignore line: [Run Build Command:"/usr/bin/make" "cmTC_eb9ef/fast"]
  ignore line: [/usr/bin/make -f CMakeFiles/cmTC_eb9ef.dir/build.make CMakeFiles/cmTC_eb9ef.dir/build]
  ignore line: [make[1]: Entering directory '/home2/silogood/alexa/AVS/build/CMakeFiles/CMakeTmp']
  ignore line: [Building C object CMakeFiles/cmTC_eb9ef.dir/CMakeCCompilerABI.c.o]
  ignore line: [/home1/silogood/Android/ndk/ndk-bundle/android-ndk-r22/toolchains/llvm/prebuilt/linux-x86_64/bin/clang  --target=armv7-none-linux-androideabi29 --gcc-toolchain=/home1/silogood/Android/ndk/ndk-bundle/android-ndk-r22/toolchains/llvm/prebuilt/linux-x86_64 --sysroot=/home1/silogood/Android/ndk/ndk-bundle/android-ndk-r22/toolchains/llvm/prebuilt/linux-x86_64/sysroot   -g -DANDROID -fdata-sections -ffunction-sections -funwind-tables -fstack-protector-strong -no-canonical-prefixes -D_FORTIFY_SOURCE=2 -march=armv7-a -mthumb -mfpu=vfpv3-d16 -Wformat -Werror=format-security   -fPIE   -o CMakeFiles/cmTC_eb9ef.dir/CMakeCCompilerABI.c.o   -c /usr/share/cmake-3.6/Modules/CMakeCCompilerABI.c]
  ignore line: [Linking C executable cmTC_eb9ef]
  ignore line: [/usr/bin/cmake -E cmake_link_script CMakeFiles/cmTC_eb9ef.dir/link.txt --verbose=1]
  ignore line: [/home1/silogood/Android/ndk/ndk-bundle/android-ndk-r22/toolchains/llvm/prebuilt/linux-x86_64/bin/clang  --target=armv7-none-linux-androideabi29 --gcc-toolchain=/home1/silogood/Android/ndk/ndk-bundle/android-ndk-r22/toolchains/llvm/prebuilt/linux-x86_64 --sysroot=/home1/silogood/Android/ndk/ndk-bundle/android-ndk-r22/toolchains/llvm/prebuilt/linux-x86_64/sysroot -g -DANDROID -fdata-sections -ffunction-sections -funwind-tables -fstack-protector-strong -no-canonical-prefixes -D_FORTIFY_SOURCE=2 -march=armv7-a -mthumb -mfpu=vfpv3-d16 -Wformat -Werror=format-security    -Wl,--exclude-libs,libgcc.a -Wl,--exclude-libs,libgcc_real.a -Wl,--exclude-libs,libatomic.a -Wl,--build-id=sha1 -Wl,--fatal-warnings -Wl,--exclude-libs,libunwind.a -Wl,--no-undefined -Qunused-arguments -Wl,--gc-sections  -v CMakeFiles/cmTC_eb9ef.dir/CMakeCCompilerABI.c.o  -o cmTC_eb9ef   ]
  ignore line: [Android (6875598, based on r399163b) clang version 11.0.5 (https://android.googlesource.com/toolchain/llvm-project 87f1315dfbea7c137aa2e6d362dbb457e388158d)]
  ignore line: [Target: armv7-none-linux-android29]
  ignore line: [Thread model: posix]
  ignore line: [InstalledDir: /home1/silogood/Android/ndk/ndk-bundle/android-ndk-r22/toolchains/llvm/prebuilt/linux-x86_64/bin]
  ignore line: [Found candidate GCC installation: /home1/silogood/Android/ndk/ndk-bundle/android-ndk-r22/toolchains/llvm/prebuilt/linux-x86_64/lib/gcc/arm-linux-androideabi/4.9.x]
  ignore line: [Selected GCC installation: /home1/silogood/Android/ndk/ndk-bundle/android-ndk-r22/toolchains/llvm/prebuilt/linux-x86_64/lib/gcc/arm-linux-androideabi/4.9.x]
  ignore line: [Candidate multilib: thumb]
  ignore line: [@mthumb]
  ignore line: [Candidate multilib: armv7-a]
  ignore line: [@march=armv7-a]
  ignore line: [Candidate multilib: armv7-a/thumb]
  ignore line: [@march=armv7-a@mthumb]
  ignore line: [Candidate multilib: .]
  ignore line: []
  ignore line: [Selected multilib: armv7-a/thumb]
  ignore line: [@march=armv7-a@mthumb]
  link line: [ "/home1/silogood/Android/ndk/ndk-bundle/android-ndk-r22/toolchains/llvm/prebuilt/linux-x86_64/bin/ld" --sysroot=/home1/silogood/Android/ndk/ndk-bundle/android-ndk-r22/toolchains/llvm/prebuilt/linux-x86_64/sysroot -pie -z noexecstack -EL --warn-shared-textrel -z now -z relro -z max-page-size=4096 -X --hash-style=gnu --enable-new-dtags --eh-frame-hdr -m armelf_linux_eabi -dynamic-linker /system/bin/linker -o cmTC_eb9ef /home1/silogood/Android/ndk/ndk-bundle/android-ndk-r22/toolchains/llvm/prebuilt/linux-x86_64/sysroot/usr/lib/arm-linux-androideabi/29/crtbegin_dynamic.o -L/home1/silogood/Android/ndk/ndk-bundle/android-ndk-r22/toolchains/llvm/prebuilt/linux-x86_64/lib64/clang/11.0.5/lib/linux/arm -L/home1/silogood/Android/ndk/ndk-bundle/android-ndk-r22/toolchains/llvm/prebuilt/linux-x86_64/lib/gcc/arm-linux-androideabi/4.9.x/armv7-a/thumb -L/home1/silogood/Android/ndk/ndk-bundle/android-ndk-r22/toolchains/llvm/prebuilt/linux-x86_64/lib/gcc/arm-linux-androideabi/4.9.x/../../../../arm-linux-androideabi/lib/../lib/armv7-a/thumb -L/home1/silogood/Android/ndk/ndk-bundle/android-ndk-r22/toolchains/llvm/prebuilt/linux-x86_64/sysroot/usr/lib/arm-linux-androideabi/29 -L/home1/silogood/Android/ndk/ndk-bundle/android-ndk-r22/toolchains/llvm/prebuilt/linux-x86_64/sysroot/usr/lib/arm-linux-androideabi -L/home1/silogood/Android/ndk/ndk-bundle/android-ndk-r22/toolchains/llvm/prebuilt/linux-x86_64/sysroot/usr/lib/../lib -L/home1/silogood/Android/ndk/ndk-bundle/android-ndk-r22/toolchains/llvm/prebuilt/linux-x86_64/sysroot/usr/lib/arm-linux-androideabi/../../lib -L/home1/silogood/Android/ndk/ndk-bundle/android-ndk-r22/toolchains/llvm/prebuilt/linux-x86_64/lib/gcc/arm-linux-androideabi/4.9.x/../../../../arm-linux-androideabi/lib/armv7-a/thumb -L/home1/silogood/Android/ndk/ndk-bundle/android-ndk-r22/toolchains/llvm/prebuilt/linux-x86_64/sysroot/usr/lib --exclude-libs libgcc.a --exclude-libs libgcc_real.a --exclude-libs libatomic.a --build-id=sha1 --fatal-warnings --exclude-libs libunwind.a --no-undefined --gc-sections CMakeFiles/cmTC_eb9ef.dir/CMakeCCompilerABI.c.o -lgcc -ldl -lc -lgcc -ldl /home1/silogood/Android/ndk/ndk-bundle/android-ndk-r22/toolchains/llvm/prebuilt/linux-x86_64/sysroot/usr/lib/arm-linux-androideabi/29/crtend_android.o]
    arg [/home1/silogood/Android/ndk/ndk-bundle/android-ndk-r22/toolchains/llvm/prebuilt/linux-x86_64/bin/ld] ==> ignore
    arg [--sysroot=/home1/silogood/Android/ndk/ndk-bundle/android-ndk-r22/toolchains/llvm/prebuilt/linux-x86_64/sysroot] ==> ignore
    arg [-pie] ==> ignore
    arg [-znoexecstack] ==> ignore
    arg [-EL] ==> ignore
    arg [--warn-shared-textrel] ==> ignore
    arg [-znow] ==> ignore
    arg [-zrelro] ==> ignore
    arg [-zmax-page-size=4096] ==> ignore
    arg [-X] ==> ignore
    arg [--hash-style=gnu] ==> ignore
    arg [--enable-new-dtags] ==> ignore
    arg [--eh-frame-hdr] ==> ignore
    arg [-m] ==> ignore
    arg [armelf_linux_eabi] ==> ignore
    arg [-dynamic-linker] ==> ignore
    arg [/system/bin/linker] ==> ignore
    arg [-o] ==> ignore
    arg [cmTC_eb9ef] ==> ignore
    arg [/home1/silogood/Android/ndk/ndk-bundle/android-ndk-r22/toolchains/llvm/prebuilt/linux-x86_64/sysroot/usr/lib/arm-linux-androideabi/29/crtbegin_dynamic.o] ==> ignore
    arg [-L/home1/silogood/Android/ndk/ndk-bundle/android-ndk-r22/toolchains/llvm/prebuilt/linux-x86_64/lib64/clang/11.0.5/lib/linux/arm] ==> dir [/home1/silogood/Android/ndk/ndk-bundle/android-ndk-r22/toolchains/llvm/prebuilt/linux-x86_64/lib64/clang/11.0.5/lib/linux/arm]
    arg [-L/home1/silogood/Android/ndk/ndk-bundle/android-ndk-r22/toolchains/llvm/prebuilt/linux-x86_64/lib/gcc/arm-linux-androideabi/4.9.x/armv7-a/thumb] ==> dir [/home1/silogood/Android/ndk/ndk-bundle/android-ndk-r22/toolchains/llvm/prebuilt/linux-x86_64/lib/gcc/arm-linux-androideabi/4.9.x/armv7-a/thumb]
    arg [-L/home1/silogood/Android/ndk/ndk-bundle/android-ndk-r22/toolchains/llvm/prebuilt/linux-x86_64/lib/gcc/arm-linux-androideabi/4.9.x/../../../../arm-linux-androideabi/lib/../lib/armv7-a/thumb] ==> dir [/home1/silogood/Android/ndk/ndk-bundle/android-ndk-r22/toolchains/llvm/prebuilt/linux-x86_64/lib/gcc/arm-linux-androideabi/4.9.x/../../../../arm-linux-androideabi/lib/../lib/armv7-a/thumb]
    arg [-L/home1/silogood/Android/ndk/ndk-bundle/android-ndk-r22/toolchains/llvm/prebuilt/linux-x86_64/sysroot/usr/lib/arm-linux-androideabi/29] ==> dir [/home1/silogood/Android/ndk/ndk-bundle/android-ndk-r22/toolchains/llvm/prebuilt/linux-x86_64/sysroot/usr/lib/arm-linux-androideabi/29]
    arg [-L/home1/silogood/Android/ndk/ndk-bundle/android-ndk-r22/toolchains/llvm/prebuilt/linux-x86_64/sysroot/usr/lib/arm-linux-androideabi] ==> dir [/home1/silogood/Android/ndk/ndk-bundle/android-ndk-r22/toolchains/llvm/prebuilt/linux-x86_64/sysroot/usr/lib/arm-linux-androideabi]
    arg [-L/home1/silogood/Android/ndk/ndk-bundle/android-ndk-r22/toolchains/llvm/prebuilt/linux-x86_64/sysroot/usr/lib/../lib] ==> dir [/home1/silogood/Android/ndk/ndk-bundle/android-ndk-r22/toolchains/llvm/prebuilt/linux-x86_64/sysroot/usr/lib/../lib]
    arg [-L/home1/silogood/Android/ndk/ndk-bundle/android-ndk-r22/toolchains/llvm/prebuilt/linux-x86_64/sysroot/usr/lib/arm-linux-androideabi/../../lib] ==> dir [/home1/silogood/Android/ndk/ndk-bundle/android-ndk-r22/toolchains/llvm/prebuilt/linux-x86_64/sysroot/usr/lib/arm-linux-androideabi/../../lib]
    arg [-L/home1/silogood/Android/ndk/ndk-bundle/android-ndk-r22/toolchains/llvm/prebuilt/linux-x86_64/lib/gcc/arm-linux-androideabi/4.9.x/../../../../arm-linux-androideabi/lib/armv7-a/thumb] ==> dir [/home1/silogood/Android/ndk/ndk-bundle/android-ndk-r22/toolchains/llvm/prebuilt/linux-x86_64/lib/gcc/arm-linux-androideabi/4.9.x/../../../../arm-linux-androideabi/lib/armv7-a/thumb]
    arg [-L/home1/silogood/Android/ndk/ndk-bundle/android-ndk-r22/toolchains/llvm/prebuilt/linux-x86_64/sysroot/usr/lib] ==> dir [/home1/silogood/Android/ndk/ndk-bundle/android-ndk-r22/toolchains/llvm/prebuilt/linux-x86_64/sysroot/usr/lib]
    arg [--exclude-libs] ==> ignore
    arg [libgcc.a] ==> ignore
    arg [--exclude-libs] ==> ignore
    arg [libgcc_real.a] ==> ignore
    arg [--exclude-libs] ==> ignore
    arg [libatomic.a] ==> ignore
    arg [--build-id=sha1] ==> ignore
    arg [--fatal-warnings] ==> ignore
    arg [--exclude-libs] ==> ignore
    arg [libunwind.a] ==> ignore
    arg [--no-undefined] ==> ignore
    arg [--gc-sections] ==> ignore
    arg [CMakeFiles/cmTC_eb9ef.dir/CMakeCCompilerABI.c.o] ==> ignore
    arg [-lgcc] ==> lib [gcc]
    arg [-ldl] ==> lib [dl]
    arg [-lc] ==> lib [c]
    arg [-lgcc] ==> lib [gcc]
    arg [-ldl] ==> lib [dl]
    arg [/home1/silogood/Android/ndk/ndk-bundle/android-ndk-r22/toolchains/llvm/prebuilt/linux-x86_64/sysroot/usr/lib/arm-linux-androideabi/29/crtend_android.o] ==> ignore
  remove lib [gcc]
  remove lib [gcc]
  collapse library dir [/home1/silogood/Android/ndk/ndk-bundle/android-ndk-r22/toolchains/llvm/prebuilt/linux-x86_64/lib64/clang/11.0.5/lib/linux/arm] ==> [/home1/silogood/Android/ndk/ndk-bundle/android-ndk-r22/toolchains/llvm/prebuilt/linux-x86_64/lib64/clang/11.0.5/lib/linux/arm]
  collapse library dir [/home1/silogood/Android/ndk/ndk-bundle/android-ndk-r22/toolchains/llvm/prebuilt/linux-x86_64/lib/gcc/arm-linux-androideabi/4.9.x/armv7-a/thumb] ==> [/home1/silogood/Android/ndk/ndk-bundle/android-ndk-r22/toolchains/llvm/prebuilt/linux-x86_64/lib/gcc/arm-linux-androideabi/4.9.x/armv7-a/thumb]
  collapse library dir [/home1/silogood/Android/ndk/ndk-bundle/android-ndk-r22/toolchains/llvm/prebuilt/linux-x86_64/lib/gcc/arm-linux-androideabi/4.9.x/../../../../arm-linux-androideabi/lib/../lib/armv7-a/thumb] ==> [/home1/silogood/Android/ndk/ndk-bundle/android-ndk-r22/toolchains/llvm/prebuilt/linux-x86_64/arm-linux-androideabi/lib/armv7-a/thumb]
  collapse library dir [/home1/silogood/Android/ndk/ndk-bundle/android-ndk-r22/toolchains/llvm/prebuilt/linux-x86_64/sysroot/usr/lib/arm-linux-androideabi/29] ==> [/home1/silogood/Android/ndk/ndk-bundle/android-ndk-r22/toolchains/llvm/prebuilt/linux-x86_64/sysroot/usr/lib/arm-linux-androideabi/29]
  collapse library dir [/home1/silogood/Android/ndk/ndk-bundle/android-ndk-r22/toolchains/llvm/prebuilt/linux-x86_64/sysroot/usr/lib/arm-linux-androideabi] ==> [/home1/silogood/Android/ndk/ndk-bundle/android-ndk-r22/toolchains/llvm/prebuilt/linux-x86_64/sysroot/usr/lib/arm-linux-androideabi]
  collapse library dir [/home1/silogood/Android/ndk/ndk-bundle/android-ndk-r22/toolchains/llvm/prebuilt/linux-x86_64/sysroot/usr/lib/../lib] ==> [/home1/silogood/Android/ndk/ndk-bundle/android-ndk-r22/toolchains/llvm/prebuilt/linux-x86_64/sysroot/usr/lib]
  collapse library dir [/home1/silogood/Android/ndk/ndk-bundle/android-ndk-r22/toolchains/llvm/prebuilt/linux-x86_64/sysroot/usr/lib/arm-linux-androideabi/../../lib] ==> [/home1/silogood/Android/ndk/ndk-bundle/android-ndk-r22/toolchains/llvm/prebuilt/linux-x86_64/sysroot/usr/lib]
  collapse library dir [/home1/silogood/Android/ndk/ndk-bundle/android-ndk-r22/toolchains/llvm/prebuilt/linux-x86_64/lib/gcc/arm-linux-androideabi/4.9.x/../../../../arm-linux-androideabi/lib/armv7-a/thumb] ==> [/home1/silogood/Android/ndk/ndk-bundle/android-ndk-r22/toolchains/llvm/prebuilt/linux-x86_64/arm-linux-androideabi/lib/armv7-a/thumb]
  collapse library dir [/home1/silogood/Android/ndk/ndk-bundle/android-ndk-r22/toolchains/llvm/prebuilt/linux-x86_64/sysroot/usr/lib] ==> [/home1/silogood/Android/ndk/ndk-bundle/android-ndk-r22/toolchains/llvm/prebuilt/linux-x86_64/sysroot/usr/lib]
  implicit libs: [dl;c;dl]
  implicit dirs: [/home1/silogood/Android/ndk/ndk-bundle/android-ndk-r22/toolchains/llvm/prebuilt/linux-x86_64/lib64/clang/11.0.5/lib/linux/arm;/home1/silogood/Android/ndk/ndk-bundle/android-ndk-r22/toolchains/llvm/prebuilt/linux-x86_64/lib/gcc/arm-linux-androideabi/4.9.x/armv7-a/thumb;/home1/silogood/Android/ndk/ndk-bundle/android-ndk-r22/toolchains/llvm/prebuilt/linux-x86_64/arm-linux-androideabi/lib/armv7-a/thumb;/home1/silogood/Android/ndk/ndk-bundle/android-ndk-r22/toolchains/llvm/prebuilt/linux-x86_64/sysroot/usr/lib/arm-linux-androideabi/29;/home1/silogood/Android/ndk/ndk-bundle/android-ndk-r22/toolchains/llvm/prebuilt/linux-x86_64/sysroot/usr/lib/arm-linux-androideabi;/home1/silogood/Android/ndk/ndk-bundle/android-ndk-r22/toolchains/llvm/prebuilt/linux-x86_64/sysroot/usr/lib]
  implicit fwks: []




Detecting C [-std=c11] compiler features compiled with the following output:
Change Dir: /home2/silogood/alexa/AVS/build/CMakeFiles/CMakeTmp

Run Build Command:"/usr/bin/make" "cmTC_4c325/fast"
/usr/bin/make -f CMakeFiles/cmTC_4c325.dir/build.make CMakeFiles/cmTC_4c325.dir/build
make[1]: Entering directory '/home2/silogood/alexa/AVS/build/CMakeFiles/CMakeTmp'
Building C object CMakeFiles/cmTC_4c325.dir/feature_tests.c.o
/home1/silogood/Android/ndk/ndk-bundle/android-ndk-r22/toolchains/llvm/prebuilt/linux-x86_64/bin/clang  --target=armv7-none-linux-androideabi29 --gcc-toolchain=/home1/silogood/Android/ndk/ndk-bundle/android-ndk-r22/toolchains/llvm/prebuilt/linux-x86_64 --sysroot=/home1/silogood/Android/ndk/ndk-bundle/android-ndk-r22/toolchains/llvm/prebuilt/linux-x86_64/sysroot   -g -DANDROID -fdata-sections -ffunction-sections -funwind-tables -fstack-protector-strong -no-canonical-prefixes -D_FORTIFY_SOURCE=2 -march=armv7-a -mthumb -mfpu=vfpv3-d16 -Wformat -Werror=format-security   -fPIE   -std=c11 -o CMakeFiles/cmTC_4c325.dir/feature_tests.c.o   -c /home2/silogood/alexa/AVS/build/CMakeFiles/feature_tests.c
Linking C executable cmTC_4c325
/usr/bin/cmake -E cmake_link_script CMakeFiles/cmTC_4c325.dir/link.txt --verbose=1
/home1/silogood/Android/ndk/ndk-bundle/android-ndk-r22/toolchains/llvm/prebuilt/linux-x86_64/bin/clang  --target=armv7-none-linux-androideabi29 --gcc-toolchain=/home1/silogood/Android/ndk/ndk-bundle/android-ndk-r22/toolchains/llvm/prebuilt/linux-x86_64 --sysroot=/home1/silogood/Android/ndk/ndk-bundle/android-ndk-r22/toolchains/llvm/prebuilt/linux-x86_64/sysroot -g -DANDROID -fdata-sections -ffunction-sections -funwind-tables -fstack-protector-strong -no-canonical-prefixes -D_FORTIFY_SOURCE=2 -march=armv7-a -mthumb -mfpu=vfpv3-d16 -Wformat -Werror=format-security    -Wl,--exclude-libs,libgcc.a -Wl,--exclude-libs,libgcc_real.a -Wl,--exclude-libs,libatomic.a -Wl,--build-id=sha1 -Wl,--fatal-warnings -Wl,--exclude-libs,libunwind.a -Wl,--no-undefined -Qunused-arguments -Wl,--gc-sections   CMakeFiles/cmTC_4c325.dir/feature_tests.c.o  -o cmTC_4c325  -latomic -lm 
make[1]: Leaving directory '/home2/silogood/alexa/AVS/build/CMakeFiles/CMakeTmp'


    Feature record: C_FEATURE:1c_function_prototypes
    Feature record: C_FEATURE:1c_restrict
    Feature record: C_FEATURE:1c_static_assert
    Feature record: C_FEATURE:1c_variadic_macros


Detecting C [-std=c99] compiler features compiled with the following output:
Change Dir: /home2/silogood/alexa/AVS/build/CMakeFiles/CMakeTmp

Run Build Command:"/usr/bin/make" "cmTC_4e13a/fast"
/usr/bin/make -f CMakeFiles/cmTC_4e13a.dir/build.make CMakeFiles/cmTC_4e13a.dir/build
make[1]: Entering directory '/home2/silogood/alexa/AVS/build/CMakeFiles/CMakeTmp'
Building C object CMakeFiles/cmTC_4e13a.dir/feature_tests.c.o
/home1/silogood/Android/ndk/ndk-bundle/android-ndk-r22/toolchains/llvm/prebuilt/linux-x86_64/bin/clang  --target=armv7-none-linux-androideabi29 --gcc-toolchain=/home1/silogood/Android/ndk/ndk-bundle/android-ndk-r22/toolchains/llvm/prebuilt/linux-x86_64 --sysroot=/home1/silogood/Android/ndk/ndk-bundle/android-ndk-r22/toolchains/llvm/prebuilt/linux-x86_64/sysroot   -g -DANDROID -fdata-sections -ffunction-sections -funwind-tables -fstack-protector-strong -no-canonical-prefixes -D_FORTIFY_SOURCE=2 -march=armv7-a -mthumb -mfpu=vfpv3-d16 -Wformat -Werror=format-security   -fPIE   -std=c99 -o CMakeFiles/cmTC_4e13a.dir/feature_tests.c.o   -c /home2/silogood/alexa/AVS/build/CMakeFiles/feature_tests.c
Linking C executable cmTC_4e13a
/usr/bin/cmake -E cmake_link_script CMakeFiles/cmTC_4e13a.dir/link.txt --verbose=1
/home1/silogood/Android/ndk/ndk-bundle/android-ndk-r22/toolchains/llvm/prebuilt/linux-x86_64/bin/clang  --target=armv7-none-linux-androideabi29 --gcc-toolchain=/home1/silogood/Android/ndk/ndk-bundle/android-ndk-r22/toolchains/llvm/prebuilt/linux-x86_64 --sysroot=/home1/silogood/Android/ndk/ndk-bundle/android-ndk-r22/toolchains/llvm/prebuilt/linux-x86_64/sysroot -g -DANDROID -fdata-sections -ffunction-sections -funwind-tables -fstack-protector-strong -no-canonical-prefixes -D_FORTIFY_SOURCE=2 -march=armv7-a -mthumb -mfpu=vfpv3-d16 -Wformat -Werror=format-security    -Wl,--exclude-libs,libgcc.a -Wl,--exclude-libs,libgcc_real.a -Wl,--exclude-libs,libatomic.a -Wl,--build-id=sha1 -Wl,--fatal-warnings -Wl,--exclude-libs,libunwind.a -Wl,--no-undefined -Qunused-arguments -Wl,--gc-sections   CMakeFiles/cmTC_4e13a.dir/feature_tests.c.o  -o cmTC_4e13a  -latomic -lm 
make[1]: Leaving directory '/home2/silogood/alexa/AVS/build/CMakeFiles/CMakeTmp'


    Feature record: C_FEATURE:1c_function_prototypes
    Feature record: C_FEATURE:1c_restrict
    Feature record: C_FEATURE:0c_static_assert
    Feature record: C_FEATURE:1c_variadic_macros


Detecting C [-std=c90] compiler features compiled with the following output:
Change Dir: /home2/silogood/alexa/AVS/build/CMakeFiles/CMakeTmp

Run Build Command:"/usr/bin/make" "cmTC_46650/fast"
/usr/bin/make -f CMakeFiles/cmTC_46650.dir/build.make CMakeFiles/cmTC_46650.dir/build
make[1]: Entering directory '/home2/silogood/alexa/AVS/build/CMakeFiles/CMakeTmp'
Building C object CMakeFiles/cmTC_46650.dir/feature_tests.c.o
/home1/silogood/Android/ndk/ndk-bundle/android-ndk-r22/toolchains/llvm/prebuilt/linux-x86_64/bin/clang  --target=armv7-none-linux-androideabi29 --gcc-toolchain=/home1/silogood/Android/ndk/ndk-bundle/android-ndk-r22/toolchains/llvm/prebuilt/linux-x86_64 --sysroot=/home1/silogood/Android/ndk/ndk-bundle/android-ndk-r22/toolchains/llvm/prebuilt/linux-x86_64/sysroot   -g -DANDROID -fdata-sections -ffunction-sections -funwind-tables -fstack-protector-strong -no-canonical-prefixes -D_FORTIFY_SOURCE=2 -march=armv7-a -mthumb -mfpu=vfpv3-d16 -Wformat -Werror=format-security   -fPIE   -std=c90 -o CMakeFiles/cmTC_46650.dir/feature_tests.c.o   -c /home2/silogood/alexa/AVS/build/CMakeFiles/feature_tests.c
Linking C executable cmTC_46650
/usr/bin/cmake -E cmake_link_script CMakeFiles/cmTC_46650.dir/link.txt --verbose=1
/home1/silogood/Android/ndk/ndk-bundle/android-ndk-r22/toolchains/llvm/prebuilt/linux-x86_64/bin/clang  --target=armv7-none-linux-androideabi29 --gcc-toolchain=/home1/silogood/Android/ndk/ndk-bundle/android-ndk-r22/toolchains/llvm/prebuilt/linux-x86_64 --sysroot=/home1/silogood/Android/ndk/ndk-bundle/android-ndk-r22/toolchains/llvm/prebuilt/linux-x86_64/sysroot -g -DANDROID -fdata-sections -ffunction-sections -funwind-tables -fstack-protector-strong -no-canonical-prefixes -D_FORTIFY_SOURCE=2 -march=armv7-a -mthumb -mfpu=vfpv3-d16 -Wformat -Werror=format-security    -Wl,--exclude-libs,libgcc.a -Wl,--exclude-libs,libgcc_real.a -Wl,--exclude-libs,libatomic.a -Wl,--build-id=sha1 -Wl,--fatal-warnings -Wl,--exclude-libs,libunwind.a -Wl,--no-undefined -Qunused-arguments -Wl,--gc-sections   CMakeFiles/cmTC_46650.dir/feature_tests.c.o  -o cmTC_46650  -latomic -lm 
make[1]: Leaving directory '/home2/silogood/alexa/AVS/build/CMakeFiles/CMakeTmp'


    Feature record: C_FEATURE:1c_function_prototypes
    Feature record: C_FEATURE:0c_restrict
    Feature record: C_FEATURE:0c_static_assert
    Feature record: C_FEATURE:0c_variadic_macros
Determining if the include file pthread.h exists passed with the following output:
Change Dir: /home2/silogood/alexa/AVS/build/CMakeFiles/CMakeTmp

Run Build Command:"/usr/bin/make" "cmTC_ed435/fast"
/usr/bin/make -f CMakeFiles/cmTC_ed435.dir/build.make CMakeFiles/cmTC_ed435.dir/build
make[1]: Entering directory '/home2/silogood/alexa/AVS/build/CMakeFiles/CMakeTmp'
Building C object CMakeFiles/cmTC_ed435.dir/CheckIncludeFile.c.o
/home1/silogood/Android/ndk/ndk-bundle/android-ndk-r22/toolchains/llvm/prebuilt/linux-x86_64/bin/clang  --target=armv7-none-linux-androideabi29 --gcc-toolchain=/home1/silogood/Android/ndk/ndk-bundle/android-ndk-r22/toolchains/llvm/prebuilt/linux-x86_64 --sysroot=/home1/silogood/Android/ndk/ndk-bundle/android-ndk-r22/toolchains/llvm/prebuilt/linux-x86_64/sysroot   -g -DANDROID -fdata-sections -ffunction-sections -funwind-tables -fstack-protector-strong -no-canonical-prefixes -D_FORTIFY_SOURCE=2 -march=armv7-a -mthumb -mfpu=vfpv3-d16 -Wformat -Werror=format-security   -fPIE   -o CMakeFiles/cmTC_ed435.dir/CheckIncludeFile.c.o   -c /home2/silogood/alexa/AVS/build/CMakeFiles/CMakeTmp/CheckIncludeFile.c
Linking C executable cmTC_ed435
/usr/bin/cmake -E cmake_link_script CMakeFiles/cmTC_ed435.dir/link.txt --verbose=1
/home1/silogood/Android/ndk/ndk-bundle/android-ndk-r22/toolchains/llvm/prebuilt/linux-x86_64/bin/clang  --target=armv7-none-linux-androideabi29 --gcc-toolchain=/home1/silogood/Android/ndk/ndk-bundle/android-ndk-r22/toolchains/llvm/prebuilt/linux-x86_64 --sysroot=/home1/silogood/Android/ndk/ndk-bundle/android-ndk-r22/toolchains/llvm/prebuilt/linux-x86_64/sysroot -g -DANDROID -fdata-sections -ffunction-sections -funwind-tables -fstack-protector-strong -no-canonical-prefixes -D_FORTIFY_SOURCE=2 -march=armv7-a -mthumb -mfpu=vfpv3-d16 -Wformat -Werror=format-security    -Wl,--exclude-libs,libgcc.a -Wl,--exclude-libs,libgcc_real.a -Wl,--exclude-libs,libatomic.a -Wl,--build-id=sha1 -Wl,--fatal-warnings -Wl,--exclude-libs,libunwind.a -Wl,--no-undefined -Qunused-arguments -Wl,--gc-sections   CMakeFiles/cmTC_ed435.dir/CheckIncludeFile.c.o  -o cmTC_ed435  -latomic -lm 
make[1]: Leaving directory '/home2/silogood/alexa/AVS/build/CMakeFiles/CMakeTmp'


Determining if the pthread_create exist passed with the following output:
Change Dir: /home2/silogood/alexa/AVS/build/CMakeFiles/CMakeTmp

Run Build Command:"/usr/bin/make" "cmTC_407be/fast"
/usr/bin/make -f CMakeFiles/cmTC_407be.dir/build.make CMakeFiles/cmTC_407be.dir/build
make[1]: Entering directory '/home2/silogood/alexa/AVS/build/CMakeFiles/CMakeTmp'
Building C object CMakeFiles/cmTC_407be.dir/CheckSymbolExists.c.o
/home1/silogood/Android/ndk/ndk-bundle/android-ndk-r22/toolchains/llvm/prebuilt/linux-x86_64/bin/clang  --target=armv7-none-linux-androideabi29 --gcc-toolchain=/home1/silogood/Android/ndk/ndk-bundle/android-ndk-r22/toolchains/llvm/prebuilt/linux-x86_64 --sysroot=/home1/silogood/Android/ndk/ndk-bundle/android-ndk-r22/toolchains/llvm/prebuilt/linux-x86_64/sysroot   -g -DANDROID -fdata-sections -ffunction-sections -funwind-tables -fstack-protector-strong -no-canonical-prefixes -D_FORTIFY_SOURCE=2 -march=armv7-a -mthumb -mfpu=vfpv3-d16 -Wformat -Werror=format-security   -fPIE   -o CMakeFiles/cmTC_407be.dir/CheckSymbolExists.c.o   -c /home2/silogood/alexa/AVS/build/CMakeFiles/CMakeTmp/CheckSymbolExists.c
Linking C executable cmTC_407be
/usr/bin/cmake -E cmake_link_script CMakeFiles/cmTC_407be.dir/link.txt --verbose=1
/home1/silogood/Android/ndk/ndk-bundle/android-ndk-r22/toolchains/llvm/prebuilt/linux-x86_64/bin/clang  --target=armv7-none-linux-androideabi29 --gcc-toolchain=/home1/silogood/Android/ndk/ndk-bundle/android-ndk-r22/toolchains/llvm/prebuilt/linux-x86_64 --sysroot=/home1/silogood/Android/ndk/ndk-bundle/android-ndk-r22/toolchains/llvm/prebuilt/linux-x86_64/sysroot -g -DANDROID -fdata-sections -ffunction-sections -funwind-tables -fstack-protector-strong -no-canonical-prefixes -D_FORTIFY_SOURCE=2 -march=armv7-a -mthumb -mfpu=vfpv3-d16 -Wformat -Werror=format-security    -Wl,--exclude-libs,libgcc.a -Wl,--exclude-libs,libgcc_real.a -Wl,--exclude-libs,libatomic.a -Wl,--build-id=sha1 -Wl,--fatal-warnings -Wl,--exclude-libs,libunwind.a -Wl,--no-undefined -Qunused-arguments -Wl,--gc-sections   CMakeFiles/cmTC_407be.dir/CheckSymbolExists.c.o  -o cmTC_407be  -latomic -lm 
make[1]: Leaving directory '/home2/silogood/alexa/AVS/build/CMakeFiles/CMakeTmp'

File /home2/silogood/alexa/AVS/build/CMakeFiles/CMakeTmp/CheckSymbolExists.c:
/* */
#include <pthread.h>

int main(int argc, char** argv)
{
  (void)argv;
#ifndef pthread_create
  return ((int*)(&pthread_create))[argc];
#else
  (void)argc;
  return 0;
#endif
}

Performing C++ SOURCE FILE Test HAS_NO_DEPRECATED_DECLARATIONS succeeded with the following output:
Change Dir: /home2/silogood/alexa/AVS/build/CMakeFiles/CMakeTmp

Run Build Command:"/usr/bin/make" "cmTC_c7d59/fast"
/usr/bin/make -f CMakeFiles/cmTC_c7d59.dir/build.make CMakeFiles/cmTC_c7d59.dir/build
make[1]: Entering directory '/home2/silogood/alexa/AVS/build/CMakeFiles/CMakeTmp'
Building CXX object CMakeFiles/cmTC_c7d59.dir/src.cxx.o
/home1/silogood/Android/ndk/ndk-bundle/android-ndk-r22/toolchains/llvm/prebuilt/linux-x86_64/bin/clang++  --target=armv7-none-linux-androideabi29 --gcc-toolchain=/home1/silogood/Android/ndk/ndk-bundle/android-ndk-r22/toolchains/llvm/prebuilt/linux-x86_64 --sysroot=/home1/silogood/Android/ndk/ndk-bundle/android-ndk-r22/toolchains/llvm/prebuilt/linux-x86_64/sysroot    -g -DANDROID -fdata-sections -ffunction-sections -funwind-tables -fstack-protector-strong -no-canonical-prefixes -D_FORTIFY_SOURCE=2 -march=armv7-a -mthumb -mfpu=vfpv3-d16 -Wformat -Werror=format-security -frtti -fexceptions -I/home2/silogood/alexa/AVS/Libraries/libarchive/contrib/android/include -DHAS_NO_DEPRECATED_DECLARATIONS -fPIE   -Wno-deprecated-declarations -o CMakeFiles/cmTC_c7d59.dir/src.cxx.o -c /home2/silogood/alexa/AVS/build/CMakeFiles/CMakeTmp/src.cxx
Linking CXX executable cmTC_c7d59
/usr/bin/cmake -E cmake_link_script CMakeFiles/cmTC_c7d59.dir/link.txt --verbose=1
/home1/silogood/Android/ndk/ndk-bundle/android-ndk-r22/toolchains/llvm/prebuilt/linux-x86_64/bin/clang++  --target=armv7-none-linux-androideabi29 --gcc-toolchain=/home1/silogood/Android/ndk/ndk-bundle/android-ndk-r22/toolchains/llvm/prebuilt/linux-x86_64 --sysroot=/home1/silogood/Android/ndk/ndk-bundle/android-ndk-r22/toolchains/llvm/prebuilt/linux-x86_64/sysroot  -g -DANDROID -fdata-sections -ffunction-sections -funwind-tables -fstack-protector-strong -no-canonical-prefixes -D_FORTIFY_SOURCE=2 -march=armv7-a -mthumb -mfpu=vfpv3-d16 -Wformat -Werror=format-security -frtti -fexceptions -I/home2/silogood/alexa/AVS/Libraries/libarchive/contrib/android/include -DHAS_NO_DEPRECATED_DECLARATIONS  -Wl,--exclude-libs,libgcc.a -Wl,--exclude-libs,libgcc_real.a -Wl,--exclude-libs,libatomic.a -Wl,--build-id=sha1 -Wl,--fatal-warnings -Wl,--exclude-libs,libunwind.a -Wl,--no-undefined -Qunused-arguments -Wl,--gc-sections   CMakeFiles/cmTC_c7d59.dir/src.cxx.o  -o cmTC_c7d59  -latomic -lm 
make[1]: Leaving directory '/home2/silogood/alexa/AVS/build/CMakeFiles/CMakeTmp'

Source file was:
int main() { return 0; }
Performing C++ SOURCE FILE Test HAS_NO_ATTRIBUTES succeeded with the following output:
Change Dir: /home2/silogood/alexa/AVS/build/CMakeFiles/CMakeTmp

Run Build Command:"/usr/bin/make" "cmTC_57f51/fast"
/usr/bin/make -f CMakeFiles/cmTC_57f51.dir/build.make CMakeFiles/cmTC_57f51.dir/build
make[1]: Entering directory '/home2/silogood/alexa/AVS/build/CMakeFiles/CMakeTmp'
Building CXX object CMakeFiles/cmTC_57f51.dir/src.cxx.o
/home1/silogood/Android/ndk/ndk-bundle/android-ndk-r22/toolchains/llvm/prebuilt/linux-x86_64/bin/clang++  --target=armv7-none-linux-androideabi29 --gcc-toolchain=/home1/silogood/Android/ndk/ndk-bundle/android-ndk-r22/toolchains/llvm/prebuilt/linux-x86_64 --sysroot=/home1/silogood/Android/ndk/ndk-bundle/android-ndk-r22/toolchains/llvm/prebuilt/linux-x86_64/sysroot    -g -DANDROID -fdata-sections -ffunction-sections -funwind-tables -fstack-protector-strong -no-canonical-prefixes -D_FORTIFY_SOURCE=2 -march=armv7-a -mthumb -mfpu=vfpv3-d16 -Wformat -Werror=format-security -frtti -fexceptions -I/home2/silogood/alexa/AVS/Libraries/libarchive/contrib/android/include -DHAS_NO_ATTRIBUTES -fPIE   -Wno-attributes -o CMakeFiles/cmTC_57f51.dir/src.cxx.o -c /home2/silogood/alexa/AVS/build/CMakeFiles/CMakeTmp/src.cxx
Linking CXX executable cmTC_57f51
/usr/bin/cmake -E cmake_link_script CMakeFiles/cmTC_57f51.dir/link.txt --verbose=1
/home1/silogood/Android/ndk/ndk-bundle/android-ndk-r22/toolchains/llvm/prebuilt/linux-x86_64/bin/clang++  --target=armv7-none-linux-androideabi29 --gcc-toolchain=/home1/silogood/Android/ndk/ndk-bundle/android-ndk-r22/toolchains/llvm/prebuilt/linux-x86_64 --sysroot=/home1/silogood/Android/ndk/ndk-bundle/android-ndk-r22/toolchains/llvm/prebuilt/linux-x86_64/sysroot  -g -DANDROID -fdata-sections -ffunction-sections -funwind-tables -fstack-protector-strong -no-canonical-prefixes -D_FORTIFY_SOURCE=2 -march=armv7-a -mthumb -mfpu=vfpv3-d16 -Wformat -Werror=format-security -frtti -fexceptions -I/home2/silogood/alexa/AVS/Libraries/libarchive/contrib/android/include -DHAS_NO_ATTRIBUTES  -Wl,--exclude-libs,libgcc.a -Wl,--exclude-libs,libgcc_real.a -Wl,--exclude-libs,libatomic.a -Wl,--build-id=sha1 -Wl,--fatal-warnings -Wl,--exclude-libs,libunwind.a -Wl,--no-undefined -Qunused-arguments -Wl,--gc-sections   CMakeFiles/cmTC_57f51.dir/src.cxx.o  -o cmTC_57f51  -latomic -lm 
make[1]: Leaving directory '/home2/silogood/alexa/AVS/build/CMakeFiles/CMakeTmp'

Source file was:
int main() { return 0; }
